<?xml version="1.0" encoding="UTF-8"?>
  <testsuite name="BddJx Suite" tests="26" failures="10" errors="0" time="1461.708">
      <testcase name="quickstart react-quickstart&#xA; Given valid parameters when operating on the quickstart creates a react-quickstart quickstart and promotes it to staging&#xA;" classname="BddJx Suite" time="2.639586527">
          <failure type="Failure">/home/jenkins/go/jenkins-x/bdd-jx/main.go:325&#xA;No future change is possible.  Bailing out early after 0.000s.&#xA;Expected&#xA;    &lt;int&gt;: 1&#xA;to match exit code:&#xA;    &lt;int&gt;: 0&#xA;/home/jenkins/go/jenkins-x/bdd-jx/main.go:340</failure>
          <system-out>      Creating app bdd-react-quickstart-1547468057 in dir /tmp/bdd-205797989&#xA;      Using Git provider URL https://github.beescloud.com&#xA;error: failed to load quickstarts: Running in batch mode and no default API token found&#xA;</system-out>
      </testcase>
      <testcase name="quickstart react-quickstart&#xA; Given invalid parameters when -p param (project name) is missing exits with signal 1&#xA;" classname="BddJx Suite" time="0.929630454"></testcase>
      <testcase name="quickstart react-quickstart&#xA; Given invalid parameters when -f param (filter) does not match any quickstart exits with signal 1&#xA;" classname="BddJx Suite" time="1.034841082"></testcase>
      <testcase name="quickstart golang-http&#xA; Given valid parameters when operating on the quickstart creates a golang-http quickstart and promotes it to staging&#xA;" classname="BddJx Suite" time="1.10652827">
          <failure type="Failure">/home/jenkins/go/jenkins-x/bdd-jx/main.go:325&#xA;No future change is possible.  Bailing out early after 0.000s.&#xA;Expected&#xA;    &lt;int&gt;: 1&#xA;to match exit code:&#xA;    &lt;int&gt;: 0&#xA;/home/jenkins/go/jenkins-x/bdd-jx/main.go:340</failure>
          <system-out>      Creating app bdd-golang-http-1547468057 in dir /tmp/bdd-205797989&#xA;      Using Git provider URL https://github.beescloud.com&#xA;error: failed to load quickstarts: Running in batch mode and no default API token found&#xA;</system-out>
      </testcase>
      <testcase name="quickstart golang-http&#xA; Given invalid parameters when -p param (project name) is missing exits with signal 1&#xA;" classname="BddJx Suite" time="0.980606122"></testcase>
      <testcase name="quickstart golang-http&#xA; Given invalid parameters when -f param (filter) does not match any quickstart exits with signal 1&#xA;" classname="BddJx Suite" time="0.740905204"></testcase>
      <testcase name="create spring&#xA; Given valid parameters when running jx create spring creates a spring application and promotes it to staging&#xA;" classname="BddJx Suite" time="796.815335968">
          <failure type="Failure">/home/jenkins/go/jenkins-x/bdd-jx/jx_create_spring.go:29&#xA;Timed out after 600.001s.&#xA;Expected process to exit.  It did not.&#xA;/home/jenkins/go/jenkins-x/bdd-jx/main.go:250</failure>
          <system-out>Using Git provider URL https://github.beescloud.com&#xA;Created Spring Boot project at /tmp/bdd-205797989/bdd-spring-1547468057&#xA;&#xA;Git repository created&#xA;selected pack: /builder/home/.jx/draft/packs/github.com/jenkins-x-buildpacks/jenkins-x-kubernetes/packs/maven&#xA;replacing placeholders in directory /tmp/bdd-205797989/bdd-spring-1547468057&#xA;app name: bdd-spring-1547468057, git server: github.beescloud.com, org: jenkins-x-tests, Docker registry org: jenkins-x-tests&#xA;skipping directory &#34;/tmp/bdd-205797989/bdd-spring-1547468057/.git&#34;&#xA;Apache Maven is not installed so lets download: http://central.maven.org/maven2/org/apache/maven/apache-maven/3.5.4/apache-maven-3.5.4-bin.zip&#xA;&#xA;downloadFile&#xA;Downloading http://central.maven.org/maven2/org/apache/maven/apache-maven/3.5.4/apache-maven-3.5.4-bin.zip to /builder/home/.jx/mvn.zip...&#xA;Downloaded /builder/home/.jx/mvn.zip&#xA;&#xA;util.Unzip&#xA;&#xA;ReadDir&#xA;Apache Maven is installed at: /builder/home/.jx/maven&#xA;Using Git provider ghe at https://github.beescloud.com&#xA;&#xA;&#xA;About to create repository bdd-spring-1547468057 on server https://github.beescloud.com with user dev1&#xA;&#xA;&#xA;Creating repository jenkins-x-tests/bdd-spring-1547468057&#xA;Pushed Git repository to https://github.beescloud.com/jenkins-x-tests/bdd-spring-1547468057&#xA;&#xA;Created Jenkins Project: http://jenkins.bdd-ghe-base-qs-22.104.155.31.11.nip.io/job/jenkins-x-tests/job/bdd-spring-1547468057/&#xA;&#xA;Watch pipeline activity via:    jx get activity -f bdd-spring-1547468057 -w&#xA;Browse the pipeline log via:    jx get build logs jenkins-x-tests/bdd-spring-1547468057/master&#xA;Open the Jenkins console via    jx console&#xA;You can list the pipelines via: jx get pipelines&#xA;When the pipeline is complete:  jx get applications&#xA;&#xA;For more help on available commands see: https://jenkins-x.io/developing/browsing/&#xA;&#xA;Note that your first pipeline may take a few minutes to start while the necessary images get downloaded!&#xA;&#xA;Creating GitHub webhook for jenkins-x-tests/bdd-spring-1547468057 for url http://jenkins.bdd-ghe-base-qs-22.104.155.31.11.nip.io/github-webhook/&#xA;      Checking that there is a job built successfully for jenkins-x-tests/bdd-spring-1547468057/master&#xA;view the log at: http://jenkins.bdd-ghe-base-qs-22.104.155.31.11.nip.io/job/jenkins-x-tests/job/bdd-spring-1547468057/job/master/1/console&#xA;tailing the log of jenkins-x-tests/bdd-spring-1547468057/master #1&#xA;Branch indexing&#xD;&#xA;Connecting to https://github.beescloud.com/api/v3 using dev1/****** (API Token for acccessing https://github.beescloud.com Git service inside pipelines)&#xD;&#xA;Obtained Jenkinsfile from 8880f8eda56467f42082d2cb89309e2160502dcd&#xD;&#xA;Running in Durability level: MAX_SURVIVABILITY&#xD;&#xA;[Pipeline] node&#xD;&#xA;Still waiting to schedule task&#xD;&#xA;Waiting for next available executor&#xD;&#xA;Agent maven-h36hp is provisioned from template Kubernetes Pod Template&#xD;&#xA;Agent specification [Kubernetes Pod Template] (jenkins-maven): &#xD;&#xA;* [jnlp] jenkinsci/jnlp-slave:3.26-1-alpine(resourceRequestCpu: 100m, resourceRequestMemory: 128Mi)&#xD;&#xA;* [maven] jenkinsxio/builder-maven:0.1.185(resourceRequestCpu: 400m, resourceRequestMemory: 512Mi, resourceLimitCpu: 1, resourceLimitMemory: 1024Mi)&#xD;&#xA;&#xD;&#xA;Running on maven-h36hp in /home/jenkins/workspace/sts_bdd-spring-1547468057_master&#xD;&#xA;[Pipeline] {&#xD;&#xA;[Pipeline] stage&#xD;&#xA;[Pipeline] { (Declarative: Checkout SCM)&#xD;&#xA;[Pipeline] checkout&#xD;&#xA;Cloning the remote Git repository&#xD;&#xA;Cloning with configured refspecs honoured and without tags&#xD;&#xA;Cloning repository https://github.beescloud.com/jenkins-x-tests/bdd-spring-1547468057.git&#xD;&#xA; &gt; git init /home/jenkins/workspace/sts_bdd-spring-1547468057_master # timeout=10&#xD;&#xA;Fetching upstream changes from https://github.beescloud.com/jenkins-x-tests/bdd-spring-1547468057.git&#xD;&#xA; &gt; git --version # timeout=10&#xD;&#xA;using GIT_ASKPASS to set credentials API Token for acccessing https://github.beescloud.com Git service inside pipelines&#xD;&#xA; &gt; git fetch --no-tags --progress https://github.beescloud.com/jenkins-x-tests/bdd-spring-1547468057.git +refs/heads/master:refs/remotes/origin/master&#xD;&#xA;Fetching without tags&#xD;&#xA; &gt; git config remote.origin.url https://github.beescloud.com/jenkins-x-tests/bdd-spring-1547468057.git # timeout=10&#xD;&#xA; &gt; git config --add remote.origin.fetch +refs/heads/master:refs/remotes/origin/master # timeout=10&#xD;&#xA; &gt; git config remote.origin.url https://github.beescloud.com/jenkins-x-tests/bdd-spring-1547468057.git # timeout=10&#xD;&#xA;Fetching upstream changes from https://github.beescloud.com/jenkins-x-tests/bdd-spring-1547468057.git&#xD;&#xA;using GIT_ASKPASS to set credentials API Token for acccessing https://github.beescloud.com Git service inside pipelines&#xD;&#xA; &gt; git fetch --no-tags --progress https://github.beescloud.com/jenkins-x-tests/bdd-spring-1547468057.git +refs/heads/master:refs/remotes/origin/master&#xD;&#xA;Checking out Revision 8880f8eda56467f42082d2cb89309e2160502dcd (master)&#xD;&#xA;Commit message: &#34;fix:(plugins) use a better version of maven plugins&#34;&#xD;&#xA;First time build. Skipping changelog.&#xD;&#xA; &gt; git config core.sparsecheckout # timeout=10&#xD;&#xA; &gt; git checkout -f 8880f8eda56467f42082d2cb89309e2160502dcd&#xD;&#xA;[Pipeline] }&#xD;&#xA;[Pipeline] // stage&#xD;&#xA;[Pipeline] withEnv&#xD;&#xA;[Pipeline] {&#xD;&#xA;[Pipeline] withCredentials&#xD;&#xA;[Pipeline] {&#xD;&#xA;[Pipeline] withEnv&#xD;&#xA;[Pipeline] {&#xD;&#xA;[Pipeline] stage&#xD;&#xA;[Pipeline] { (CI Build and push snapshot)&#xD;&#xA;Stage &#34;CI Build and push snapshot&#34; skipped due to when conditional&#xD;&#xA;[Pipeline] }&#xD;&#xA;[Pipeline] // stage&#xD;&#xA;[Pipeline] stage&#xD;&#xA;[Pipeline] { (Build Release)&#xD;&#xA;[Pipeline] container&#xD;&#xA;[Pipeline] {&#xD;&#xA;[Pipeline] sh&#xD;&#xA;+ git checkout master&#xD;&#xA;Switched to a new branch &#39;master&#39;&#xD;&#xA;Branch master set up to track remote branch master from origin.&#xD;&#xA;[Pipeline] sh&#xD;&#xA;+ git config --global credential.helper store&#xD;&#xA;[Pipeline] sh&#xD;&#xA;+ jx step git credentials&#xD;&#xA;Generated Git credentials file /home/jenkins/git/credentials&#xD;&#xA;[Pipeline] sh&#xD;&#xA;++ jx-release-version&#xD;&#xA;+ echo 0.0.1&#xD;&#xA;[Pipeline] sh&#xD;&#xA;++ cat VERSION&#xD;&#xA;+ mvn versions:set -DnewVersion=0.0.1&#xD;&#xA;Picked up _JAVA_OPTIONS: -XX:+UnlockExperimentalVMOptions -XX:+UseCGroupMemoryLimitForHeap -Dsun.zip.disableMemoryMapping=true -XX:+UseParallelGC -XX:MinHeapFreeRatio=5 -XX:MaxHeapFreeRatio=10 -XX:GCTimeRatio=4 -XX:AdaptiveSizePolicyWeight=90 -Xms10m -Xmx192m&#xD;&#xA;OpenJDK 64-Bit Server VM warning: If the number of processors is expected to increase from one, then you should configure the number of parallel GC threads appropriately using -XX:ParallelGCThreads=N&#xD;&#xA;[INFO] Scanning for projects...&#xD;&#xA;[INFO] Downloading from nexus: http://nexus/repository/maven-group/org/springframework/boot/spring-boot-starter-parent/2.1.2.RELEASE/spring-boot-starter-parent-2.1.2.RELEASE.pom&#xD;&#xA;[INFO] Downloaded from nexus: http://nexus/repository/maven-group/org/springframework/boot/spring-boot-starter-parent/2.1.2.RELEASE/spring-boot-starter-parent-2.1.2.RELEASE.pom (12 kB at 6.8 kB/s)&#xD;&#xA;[INFO] Downloading from nexus: http://nexus/repository/maven-group/org/springframework/boot/spring-boot-dependencies/2.1.2.RELEASE/spring-boot-dependencies-2.1.2.RELEASE.pom&#xD;&#xA;[INFO] Downloaded from nexus: http://nexus/repository/maven-group/org/springframework/boot/spring-boot-dependencies/2.1.2.RELEASE/spring-boot-dependencies-2.1.2.RELEASE.pom (143 kB at 370 kB/s)&#xD;&#xA;[INFO] Downloading from nexus: http://nexus/repository/maven-group/com/fasterxml/jackson/jackson-bom/2.9.8/jackson-bom-2.9.8.pom&#xD;&#xA;[INFO] Downloaded from nexus: http://nexus/repository/maven-group/com/fasterxml/jackson/jackson-bom/2.9.8/jackson-bom-2.9.8.pom (12 kB at 65 kB/s)&#xD;&#xA;[INFO] Downloading from nexus: http://nexus/repository/maven-group/com/fasterxml/jackson/jackson-parent/2.9.1.2/jackson-parent-2.9.1.2.pom&#xD;&#xA;[INFO] Downloaded from nexus: http://nexus/repository/maven-group/com/fasterxml/jackson/jackson-parent/2.9.1.2/jackson-parent-2.9.1.2.pom (7.9 kB at 42 kB/s)&#xD;&#xA;[INFO] Downloading from nexus: http://nexus/repository/maven-group/com/fasterxml/oss-parent/34/oss-parent-34.pom&#xD;&#xA;[INFO] Downloaded from nexus: http://nexus/repository/maven-group/com/fasterxml/oss-parent/34/oss-parent-34.pom (23 kB at 104 kB/s)&#xD;&#xA;[INFO] Downloading from nexus: http://nexus/repository/maven-group/io/netty/netty-bom/4.1.31.Final/netty-bom-4.1.31.Final.pom&#xD;&#xA;[INFO] Downloaded from nexus: http://nexus/repository/maven-group/io/netty/netty-bom/4.1.31.Final/netty-bom-4.1.31.Final.pom (7.9 kB at 50 kB/s)&#xD;&#xA;[INFO] Downloading from nexus: http://nexus/repository/maven-group/org/sonatype/oss/oss-parent/7/oss-parent-7.pom&#xD;&#xA;[INFO] Downloaded from nexus: http://nexus/repository/maven-group/org/sonatype/oss/oss-parent/7/oss-parent-7.pom (4.8 kB at 37 kB/s)&#xD;&#xA;[INFO] Downloading from nexus: http://nexus/repository/maven-group/io/projectreactor/reactor-bom/Californium-SR4/reactor-bom-Californium-SR4.pom&#xD;&#xA;[INFO] Downloaded from nexus: http://nexus/repository/maven-group/io/projectreactor/reactor-bom/Californium-SR4/reactor-bom-Californium-SR4.pom (3.6 kB at 26 kB/s)&#xD;&#xA;[INFO] Downloading from nexus: http://nexus/repository/maven-group/org/apache/logging/log4j/log4j-bom/2.11.1/log4j-bom-2.11.1.pom&#xD;&#xA;[INFO] Downloaded from nexus: http://nexus/repository/maven-group/org/apache/logging/log4j/log4j-bom/2.11.1/log4j-bom-2.11.1.pom (6.1 kB at 34 kB/s)&#xD;&#xA;[INFO] Downloading from nexus: http://nexus/repository/maven-group/org/apache/logging/logging-parent/1/logging-parent-1.pom&#xD;&#xA;[INFO] Downloaded from nexus: http://nexus/repository/maven-group/org/apache/logging/logging-parent/1/logging-parent-1.pom (3.2 kB at 20 kB/s)&#xD;&#xA;[INFO] Downloading from nexus: http://nexus/repository/maven-group/org/apache/apache/18/apache-18.pom&#xD;&#xA;[INFO] Downloaded from nexus: http://nexus/repository/maven-group/org/apache/apache/18/apache-18.pom (16 kB at 90 kB/s)&#xD;&#xA;[INFO] Downloading from nexus: http://nexus/repository/maven-group/org/eclipse/jetty/jetty-bom/9.4.14.v20181114/jetty-bom-9.4.14.v20181114.pom&#xD;&#xA;[INFO] Downloaded from nexus: http://nexus/repository/maven-group/org/eclipse/jetty/jetty-bom/9.4.14.v20181114/jetty-bom-9.4.14.v20181114.pom (18 kB at 144 kB/s)&#xD;&#xA;[INFO] Downloading from nexus: http://nexus/repository/maven-group/org/glassfish/jersey/jersey-bom/2.27/jersey-bom-2.27.pom&#xD;&#xA;[INFO] Downloaded from nexus: http://nexus/repository/maven-group/org/glassfish/jersey/jersey-bom/2.27/jersey-bom-2.27.pom (22 kB at 73 kB/s)&#xD;&#xA;[INFO] Downloading from nexus: http://nexus/repository/maven-group/net/java/jvnet-parent/4/jvnet-parent-4.pom&#xD;&#xA;[INFO] Downloaded from nexus: http://nexus/repository/maven-group/net/java/jvnet-parent/4/jvnet-parent-4.pom (7.8 kB at 50 kB/s)&#xD;&#xA;[INFO] Downloading from nexus: http://nexus/repository/maven-group/org/junit/junit-bom/5.3.2/junit-bom-5.3.2.pom&#xD;&#xA;[INFO] Downloaded from nexus: http://nexus/repository/maven-group/org/junit/junit-bom/5.3.2/junit-bom-5.3.2.pom (4.1 kB at 25 kB/s)&#xD;&#xA;[INFO] Downloading from nexus: http://nexus/repository/maven-group/org/springframework/spring-framework-bom/5.1.4.RELEASE/spring-framework-bom-5.1.4.RELEASE.pom&#xD;&#xA;[INFO] Downloaded from nexus: http://nexus/repository/maven-group/org/springframework/spring-framework-bom/5.1.4.RELEASE/spring-framework-bom-5.1.4.RELEASE.pom (5.3 kB at 40 kB/s)&#xD;&#xA;[INFO] Downloading from nexus: http://nexus/repository/maven-group/org/springframework/data/spring-data-releasetrain/Lovelace-SR4/spring-data-releasetrain-Lovelace-SR4.pom&#xD;&#xA;[INFO] Downloaded from nexus: http://nexus/repository/maven-group/org/springframework/data/spring-data-releasetrain/Lovelace-SR4/spring-data-releasetrain-Lovelace-SR4.pom (4.6 kB at 47 kB/s)&#xD;&#xA;[INFO] Downloading from nexus: http://nexus/repository/maven-group/org/springframework/data/build/spring-data-build/2.1.4.RELEASE/spring-data-build-2.1.4.RELEASE.pom&#xD;&#xA;[INFO] Downloaded from nexus: http://nexus/repository/maven-group/org/springframework/data/build/spring-data-build/2.1.4.RELEASE/spring-data-build-2.1.4.RELEASE.pom (6.6 kB at 41 kB/s)&#xD;&#xA;[INFO] Downloading from nexus: http://nexus/repository/maven-group/org/springframework/integration/spring-integration-bom/5.1.2.RELEASE/spring-integration-bom-5.1.2.RELEASE.pom&#xD;&#xA;[INFO] Downloaded from nexus: http://nexus/repository/maven-group/org/springframework/integration/spring-integration-bom/5.1.2.RELEASE/spring-integration-bom-5.1.2.RELEASE.pom (8.7 kB at 73 kB/s)&#xD;&#xA;[INFO] Downloading from nexus: http://nexus/repository/maven-group/org/springframework/security/spring-security-bom/5.1.3.RELEASE/spring-security-bom-5.1.3.RELEASE.pom&#xD;&#xA;[INFO] Downloaded from nexus: http://nexus/repository/maven-group/org/springframework/security/spring-security-bom/5.1.3.RELEASE/spring-security-bom-5.1.3.RELEASE.pom (5.0 kB at 35 kB/s)&#xD;&#xA;[INFO] Downloading from nexus: http://nexus/repository/maven-group/org/springframework/session/spring-session-bom/Bean-SR2/spring-session-bom-Bean-SR2.pom&#xD;&#xA;[INFO] Downloaded from nexus: http://nexus/repository/maven-group/org/springframework/session/spring-session-bom/Bean-SR2/spring-session-bom-Bean-SR2.pom (3.0 kB at 24 kB/s)&#xD;&#xA;[INFO] Downloading from nexus: http://nexus/repository/maven-group/org/springframework/boot/spring-boot-maven-plugin/2.1.2.RELEASE/spring-boot-maven-plugin-2.1.2.RELEASE.pom&#xD;&#xA;[INFO] Downloaded from nexus: http://nexus/repository/maven-group/org/springframework/boot/spring-boot-maven-plugin/2.1.2.RELEASE/spring-boot-maven-plugin-2.1.2.RELEASE.pom (4.8 kB at 23 kB/s)&#xD;&#xA;[INFO] Downloading from nexus: http://nexus/repository/maven-group/org/springframework/boot/spring-boot-tools/2.1.2.RELEASE/spring-boot-tools-2.1.2.RELEASE.pom&#xD;&#xA;[INFO] Downloaded from nexus: http://nexus/repository/maven-group/org/springframework/boot/spring-boot-tools/2.1.2.RELEASE/spring-boot-tools-2.1.2.RELEASE.pom (1.8 kB at 19 kB/s)&#xD;&#xA;[INFO] Downloading from nexus: http://nexus/repository/maven-group/org/springframework/boot/spring-boot-parent/2.1.2.RELEASE/spring-boot-parent-2.1.2.RELEASE.pom&#xD;&#xA;[INFO] Downloaded from nexus: http://nexus/repository/maven-group/org/springframework/boot/spring-boot-parent/2.1.2.RELEASE/spring-boot-parent-2.1.2.RELEASE.pom (1.8 kB at 5.1 kB/s)&#xD;&#xA;[INFO] Downloading from nexus: http://nexus/repository/maven-group/org/springframework/boot/spring-boot-maven-plugin/2.1.2.RELEASE/spring-boot-maven-plugin-2.1.2.RELEASE.jar&#xD;&#xA;[INFO] Downloaded from nexus: http://nexus/repository/maven-group/org/springframework/boot/spring-boot-maven-plugin/2.1.2.RELEASE/spring-boot-maven-plugin-2.1.2.RELEASE.jar (68 kB at 294 kB/s)&#xD;&#xA;[INFO] Downloading from nexus: http://nexus/repository/maven-group/org/apache/maven/plugins/maven-deploy-plugin/2.8.2/maven-deploy-plugin-2.8.2.pom&#xD;&#xA;[INFO] Downloaded from nexus: http://nexus/repository/maven-group/org/apache/maven/plugins/maven-deploy-plugin/2.8.2/maven-deploy-plugin-2.8.2.pom (7.1 kB at 41 kB/s)&#xD;&#xA;[INFO] Downloading from nexus: http://nexus/repository/maven-group/org/apache/maven/plugins/maven-plugins/25/maven-plugins-25.pom&#xD;&#xA;[INFO] Downloaded from nexus: http://nexus/repository/maven-group/org/apache/maven/plugins/maven-plugins/25/maven-plugins-25.pom (9.6 kB at 88 kB/s)&#xD;&#xA;[INFO] Downloading from nexus: http://nexus/repository/maven-group/org/apache/maven/maven-parent/24/maven-parent-24.pom&#xD;&#xA;[INFO] Downloaded from nexus: http://nexus/repository/maven-group/org/apache/maven/maven-parent/24/maven-parent-24.pom (37 kB at 318 kB/s)&#xD;&#xA;[INFO] Downloading from nexus: http://nexus/repository/maven-group/org/apache/apache/14/apache-14.pom&#xD;&#xA;[INFO] Downloaded from nexus: http://nexus/repository/maven-group/org/apache/apache/14/apache-14.pom (15 kB at 147 kB/s)&#xD;&#xA;[INFO] Downloading from nexus: http://nexus/repository/maven-group/org/apache/maven/plugins/maven-deploy-plugin/2.8.2/maven-deploy-plugin-2.8.2.jar&#xD;&#xA;[INFO] Downloaded from nexus: http://nexus/repository/maven-group/org/apache/maven/plugins/maven-deploy-plugin/2.8.2/maven-deploy-plugin-2.8.2.jar (34 kB at 277 kB/s)&#xD;&#xA;[INFO] Downloading from nexus: http://nexus/repository/maven-group/org/apache/maven/plugins/maven-surefire-plugin/3.0.0-M1/maven-surefire-plugin-3.0.0-M1.pom&#xD;&#xA;[INFO] Downloaded from nexus: http://nexus/repository/maven-group/org/apache/maven/plugins/maven-surefire-plugin/3.0.0-M1/maven-surefire-plugin-3.0.0-M1.pom (6.4 kB at 61 kB/s)&#xD;&#xA;[INFO] Downloading from nexus: http://nexus/repository/maven-group/org/apache/maven/surefire/surefire/3.0.0-M1/surefire-3.0.0-M1.pom&#xD;&#xA;[INFO] Downloaded from nexus: http://nexus/repository/maven-group/org/apache/maven/surefire/surefire/3.0.0-M1/surefire-3.0.0-M1.pom (22 kB at 285 kB/s)&#xD;&#xA;[INFO] Downloading from nexus: http://nexus/repository/maven-group/org/apache/maven/maven-parent/33/maven-parent-33.pom&#xD;&#xA;[INFO] Downloaded from nexus: http://nexus/repository/maven-group/org/apache/maven/maven-parent/33/maven-parent-33.pom (44 kB at 377 kB/s)&#xD;&#xA;[INFO] Downloading from nexus: http://nexus/repository/maven-group/org/apache/apache/21/apache-21.pom&#xD;&#xA;[INFO] Downloaded from nexus: http://nexus/repository/maven-group/org/apache/apache/21/apache-21.pom (17 kB at 182 kB/s)&#xD;&#xA;[INFO] Downloading from nexus: http://nexus/repository/maven-group/org/apache/maven/plugins/maven-surefire-plugin/3.0.0-M1/maven-surefire-plugin-3.0.0-M1.jar&#xD;&#xA;[INFO] Downloaded from nexus: http://nexus/repository/maven-group/org/apache/maven/plugins/maven-surefire-plugin/3.0.0-M1/maven-surefire-plugin-3.0.0-M1.jar (40 kB at 236 kB/s)&#xD;&#xA;[INFO] Downloading from nexus: http://nexus/repository/maven-group/org/apache/maven/plugins/maven-clean-plugin/3.1.0/maven-clean-plugin-3.1.0.pom&#xD;&#xA;[INFO] Downloaded from nexus: http://nexus/repository/maven-group/org/apache/maven/plugins/maven-clean-plugin/3.1.0/maven-clean-plugin-3.1.0.pom (5.2 kB at 34 kB/s)&#xD;&#xA;[INFO] Downloading from nexus: http://nexus/repository/maven-group/org/apache/maven/plugins/maven-plugins/31/maven-plugins-31.pom&#xD;&#xA;[INFO] Downloaded from nexus: http://nexus/repository/maven-group/org/apache/maven/plugins/maven-plugins/31/maven-plugins-31.pom (10 kB at 45 kB/s)&#xD;&#xA;[INFO] Downloading from nexus: http://nexus/repository/maven-group/org/apache/maven/maven-parent/31/maven-parent-31.pom&#xD;&#xA;[INFO] Downloaded from nexus: http://nexus/repository/maven-group/org/apache/maven/maven-parent/31/maven-parent-31.pom (43 kB at 174 kB/s)&#xD;&#xA;[INFO] Downloading from nexus: http://nexus/repository/maven-group/org/apache/apache/19/apache-19.pom&#xD;&#xA;[INFO] Downloaded from nexus: http://nexus/repository/maven-group/org/apache/apache/19/apache-19.pom (15 kB at 191 kB/s)&#xD;&#xA;[INFO] Downloading from nexus: http://nexus/repository/maven-group/org/apache/maven/plugins/maven-clean-plugin/3.1.0/maven-clean-plugin-3.1.0.jar&#xD;&#xA;[INFO] Downloaded from nexus: http://nexus/repository/maven-group/org/apache/maven/plugins/maven-clean-plugin/3.1.0/maven-clean-plugin-3.1.0.jar (30 kB at 381 kB/s)&#xD;&#xA;[INFO] Downloading from nexus: http://nexus/repository/maven-group/org/apache/maven/plugins/maven-resources-plugin/3.1.0/maven-resources-plugin-3.1.0.pom&#xD;&#xA;[INFO] Downloaded from nexus: http://nexus/repository/maven-group/org/apache/maven/plugins/maven-resources-plugin/3.1.0/maven-resources-plugin-3.1.0.pom (7.2 kB at 83 kB/s)&#xD;&#xA;[INFO] Downloading from nexus: http://nexus/repository/maven-group/org/apache/maven/plugins/maven-resources-plugin/3.1.0/maven-resources-plugin-3.1.0.jar&#xD;&#xA;[INFO] Downloaded from nexus: http://nexus/repository/maven-group/org/apache/maven/plugins/maven-resources-plugin/3.1.0/maven-resources-plugin-3.1.0.jar (32 kB at 290 kB/s)&#xD;&#xA;[INFO] Downloading from nexus: http://nexus/repository/maven-group/org/apache/maven/plugins/maven-jar-plugin/3.1.1/maven-jar-plugin-3.1.1.pom&#xD;&#xA;[INFO] Downloaded from nexus: http://nexus/repository/maven-group/org/apache/maven/plugins/maven-jar-plugin/3.1.1/maven-jar-plugin-3.1.1.pom (6.7 kB at 47 kB/s)&#xD;&#xA;[INFO] Downloading from nexus: http://nexus/repository/maven-group/org/apache/maven/plugins/maven-plugins/33/maven-plugins-33.pom&#xD;&#xA;[INFO] Downloaded from nexus: http://nexus/repository/maven-group/org/apache/maven/plugins/maven-plugins/33/maven-plugins-33.pom (11 kB at 83 kB/s)&#xD;&#xA;[INFO] Downloading from nexus: http://nexus/repository/maven-group/org/apache/maven/plugins/maven-jar-plugin/3.1.1/maven-jar-plugin-3.1.1.jar&#xD;&#xA;[INFO] Downloaded from nexus: http://nexus/repository/maven-group/org/apache/maven/plugins/maven-jar-plugin/3.1.1/maven-jar-plugin-3.1.1.jar (27 kB at 195 kB/s)&#xD;&#xA;[INFO] Downloading from nexus: http://nexus/repository/maven-group/org/apache/maven/plugins/maven-compiler-plugin/3.8.0/maven-compiler-plugin-3.8.0.pom&#xD;&#xA;[INFO] Downloaded from nexus: http://nexus/repository/maven-group/org/apache/maven/plugins/maven-compiler-plugin/3.8.0/maven-compiler-plugin-3.8.0.pom (12 kB at 97 kB/s)&#xD;&#xA;[INFO] Downloading from nexus: http://nexus/repository/maven-group/org/apache/maven/plugins/maven-plugins/32/maven-plugins-32.pom&#xD;&#xA;[INFO] Downloaded from nexus: http://nexus/repository/maven-group/org/apache/maven/plugins/maven-plugins/32/maven-plugins-32.pom (11 kB at 97 kB/s)&#xD;&#xA;[INFO] Downloading from nexus: http://nexus/repository/maven-group/org/apache/maven/maven-parent/32/maven-parent-32.pom&#xD;&#xA;[INFO] Downloaded from nexus: http://nexus/repository/maven-group/org/apache/maven/maven-parent/32/maven-parent-32.pom (43 kB at 413 kB/s)&#xD;&#xA;[INFO] Downloading from nexus: http://nexus/repository/maven-group/org/apache/apache/20/apache-20.pom&#xD;&#xA;[INFO] Downloaded from nexus: http://nexus/repository/maven-group/org/apache/apache/20/apache-20.pom (16 kB at 155 kB/s)&#xD;&#xA;[INFO] Downloading from nexus: http://nexus/repository/maven-group/org/apache/maven/plugins/maven-compiler-plugin/3.8.0/maven-compiler-plugin-3.8.0.jar&#xD;&#xA;[INFO] Downloaded from nexus: http://nexus/repository/maven-group/org/apache/maven/plugins/maven-compiler-plugin/3.8.0/maven-compiler-plugin-3.8.0.jar (62 kB at 543 kB/s)&#xD;&#xA;[INFO] Downloading from nexus: http://nexus/repository/maven-group/org/apache/maven/plugins/maven-install-plugin/2.5.2/maven-install-plugin-2.5.2.pom&#xD;&#xA;[INFO] Downloaded from nexus: http://nexus/repository/maven-group/org/apache/maven/plugins/maven-install-plugin/2.5.2/maven-install-plugin-2.5.2.pom (6.4 kB at 37 kB/s)&#xD;&#xA;[INFO] Downloading from nexus: http://nexus/repository/maven-group/org/apache/maven/plugins/maven-install-plugin/2.5.2/maven-install-plugin-2.5.2.jar&#xD;&#xA;[INFO] Downloaded from nexus: http://nexus/repository/maven-group/org/apache/maven/plugins/maven-install-plugin/2.5.2/maven-install-plugin-2.5.2.jar (33 kB at 156 kB/s)&#xD;&#xA;[INFO] Downloading from nexus: http://nexus/repository/maven-group/org/apache/maven/plugins/maven-site-plugin/3.7.1/maven-site-plugin-3.7.1.pom&#xD;&#xA;[INFO] Downloaded from nexus: http://nexus/repository/maven-group/org/apache/maven/plugins/maven-site-plugin/3.7.1/maven-site-plugin-3.7.1.pom (19 kB at 113 kB/s)&#xD;&#xA;[INFO] Downloading from nexus: http://nexus/repository/maven-group/org/apache/maven/plugins/maven-site-plugin/3.7.1/maven-site-plugin-3.7.1.jar&#xD;&#xA;[INFO] Downloaded from nexus: http://nexus/repository/maven-group/org/apache/maven/plugins/maven-site-plugin/3.7.1/maven-site-plugin-3.7.1.jar (135 kB at 849 kB/s)&#xD;&#xA;[INFO] Downloading from nexus: http://nexus/repository/maven-group/org/apache/johnzon/johnzon-maven-plugin/1.1.11/johnzon-maven-plugin-1.1.11.pom&#xD;&#xA;[INFO] Downloaded from nexus: http://nexus/repository/maven-group/org/apache/johnzon/johnzon-maven-plugin/1.1.11/johnzon-maven-plugin-1.1.11.pom (3.6 kB at 23 kB/s)&#xD;&#xA;[INFO] Downloading from nexus: http://nexus/repository/maven-group/org/apache/johnzon/johnzon/1.1.11/johnzon-1.1.11.pom&#xD;&#xA;[INFO] Downloaded from nexus: http://nexus/repository/maven-group/org/apache/johnzon/johnzon/1.1.11/johnzon-1.1.11.pom (25 kB at 89 kB/s)&#xD;&#xA;[INFO] Downloading from nexus: http://nexus/repository/maven-group/org/apache/johnzon/johnzon-maven-plugin/1.1.11/johnzon-maven-plugin-1.1.11.jar&#xD;&#xA;[INFO] Downloaded from nexus: http://nexus/repository/maven-group/org/apache/johnzon/johnzon-maven-plugin/1.1.11/johnzon-maven-plugin-1.1.11.jar (26 kB at 187 kB/s)&#xD;&#xA;[INFO] Downloading from nexus: http://nexus/repository/maven-group/org/jetbrains/kotlin/kotlin-maven-plugin/1.2.71/kotlin-maven-plugin-1.2.71.pom&#xD;&#xA;[INFO] Downloaded from nexus: http://nexus/repository/maven-group/org/jetbrains/kotlin/kotlin-maven-plugin/1.2.71/kotlin-maven-plugin-1.2.71.pom (6.1 kB at 18 kB/s)&#xD;&#xA;[INFO] Downloading from nexus: http://nexus/repository/maven-group/org/jetbrains/kotlin/kotlin-project/1.2.71/kotlin-project-1.2.71.pom&#xD;&#xA;[INFO] Downloaded from nexus: http://nexus/repository/maven-group/org/jetbrains/kotlin/kotlin-project/1.2.71/kotlin-project-1.2.71.pom (10 kB at 41 kB/s)&#xD;&#xA;[INFO] Downloading from nexus: http://nexus/repository/maven-group/org/jetbrains/kotlin/kotlin-maven-plugin/1.2.71/kotlin-maven-plugin-1.2.71.jar&#xD;&#xA;[INFO] Downloaded from nexus: http://nexus/repository/maven-group/org/jetbrains/kotlin/kotlin-maven-plugin/1.2.71/kotlin-maven-plugin-1.2.71.jar (79 kB at 411 kB/s)&#xD;&#xA;[INFO] Downloading from nexus: http://nexus/repository/maven-group/org/jooq/jooq-codegen-maven/3.11.9/jooq-codegen-maven-3.11.9.pom&#xD;&#xA;[INFO] Downloaded from nexus: http://nexus/repository/maven-group/org/jooq/jooq-codegen-maven/3.11.9/jooq-codegen-maven-3.11.9.pom (3.5 kB at 12 kB/s)&#xD;&#xA;[INFO] Downloading from nexus: http://nexus/repository/maven-group/org/jooq/jooq-parent/3.11.9/jooq-parent-3.11.9.pom&#xD;&#xA;[INFO] Downloaded from nexus: http://nexus/repository/maven-group/org/jooq/jooq-parent/3.11.9/jooq-parent-3.11.9.pom (11 kB at 108 kB/s)&#xD;&#xA;[INFO] Downloading from nexus: http://nexus/repository/maven-group/org/jooq/jooq-codegen-maven/3.11.9/jooq-codegen-maven-3.11.9.jar&#xD;&#xA;[INFO] Downloaded from nexus: http://nexus/repository/maven-group/org/jooq/jooq-codegen-maven/3.11.9/jooq-codegen-maven-3.11.9.jar (16 kB at 167 kB/s)&#xD;&#xA;[INFO] Downloading from nexus: http://nexus/repository/maven-group/org/apache/maven/plugins/maven-antrun-plugin/1.8/maven-antrun-plugin-1.8.pom&#xD;&#xA;[INFO] Downloaded from nexus: http://nexus/repository/maven-group/org/apache/maven/plugins/maven-antrun-plugin/1.8/maven-antrun-plugin-1.8.pom (3.3 kB at 9.5 kB/s)&#xD;&#xA;[INFO] Downloading from nexus: http://nexus/repository/maven-group/org/apache/maven/plugins/maven-plugins/27/maven-plugins-27.pom&#xD;&#xA;[INFO] Downloaded from nexus: http://nexus/repository/maven-group/org/apache/maven/plugins/maven-plugins/27/maven-plugins-27.pom (11 kB at 60 kB/s)&#xD;&#xA;[INFO] Downloading from nexus: http://nexus/repository/maven-group/org/apache/maven/maven-parent/26/maven-parent-26.pom&#xD;&#xA;[INFO] Downloaded from nexus: http://nexus/repository/maven-group/org/apache/maven/maven-parent/26/maven-parent-26.pom (40 kB at 257 kB/s)&#xD;&#xA;[INFO] Downloading from nexus: http://nexus/repository/maven-group/org/apache/apache/16/apache-16.pom&#xD;&#xA;[INFO] Downloaded from nexus: http://nexus/repository/maven-group/org/apache/apache/16/apache-16.pom (15 kB at 53 kB/s)&#xD;&#xA;[INFO] Downloading from nexus: http://nexus/repository/maven-group/org/apache/maven/plugins/maven-antrun-plugin/1.8/maven-antrun-plugin-1.8.jar&#xD;&#xA;[INFO] Downloaded from nexus: http://nexus/repository/maven-group/org/apache/maven/plugins/maven-antrun-plugin/1.8/maven-antrun-plugin-1.8.jar (36 kB at 360 kB/s)&#xD;&#xA;[INFO] Downloading from nexus: http://nexus/repository/maven-group/org/apache/maven/plugins/maven-assembly-plugin/3.1.1/maven-assembly-plugin-3.1.1.pom&#xD;&#xA;[INFO] Downloaded from nexus: http://nexus/repository/maven-group/org/apache/maven/plugins/maven-assembly-plugin/3.1.1/maven-assembly-plugin-3.1.1.pom (15 kB at 162 kB/s)&#xD;&#xA;[INFO] Downloading from nexus: http://nexus/repository/maven-group/org/apache/maven/plugins/maven-assembly-plugin/3.1.1/maven-assembly-plugin-3.1.1.jar&#xD;&#xA;[INFO] Downloaded from nexus: http://nexus/repository/maven-group/org/apache/maven/plugins/maven-assembly-plugin/3.1.1/maven-assembly-plugin-3.1.1.jar (236 kB at 1.6 MB/s)&#xD;&#xA;[INFO] Downloading from nexus: http://nexus/repository/maven-group/org/apache/maven/plugins/maven-dependency-plugin/3.1.1/maven-dependency-plugin-3.1.1.pom&#xD;&#xA;[INFO] Downloaded from nexus: http://nexus/repository/maven-group/org/apache/maven/plugins/maven-dependency-plugin/3.1.1/maven-dependency-plugin-3.1.1.pom (15 kB at 163 kB/s)&#xD;&#xA;[INFO] Downloading from nexus: http://nexus/repository/maven-group/org/apache/maven/plugins/maven-dependency-plugin/3.1.1/maven-dependency-plugin-3.1.1.jar&#xD;&#xA;[INFO] Downloaded from nexus: http://nexus/repository/maven-group/org/apache/maven/plugins/maven-dependency-plugin/3.1.1/maven-dependency-plugin-3.1.1.jar (167 kB at 1.6 MB/s)&#xD;&#xA;[INFO] Downloading from nexus: http://nexus/repository/maven-group/org/apache/maven/plugins/maven-release-plugin/2.5.3/maven-release-plugin-2.5.3.pom&#xD;&#xA;[INFO] Downloaded from nexus: http://nexus/repository/maven-group/org/apache/maven/plugins/maven-release-plugin/2.5.3/maven-release-plugin-2.5.3.pom (11 kB at 29 kB/s)&#xD;&#xA;[INFO] Downloading from nexus: http://nexus/repository/maven-group/org/apache/maven/release/maven-release/2.5.3/maven-release-2.5.3.pom&#xD;&#xA;[INFO] Downloaded from nexus: http://nexus/repository/maven-group/org/apache/maven/release/maven-release/2.5.3/maven-release-2.5.3.pom (5.0 kB at 25 kB/s)&#xD;&#xA;[INFO] Downloading from nexus: http://nexus/repository/maven-group/org/apache/maven/maven-parent/27/maven-parent-27.pom&#xD;&#xA;[INFO] Downloaded from nexus: http://nexus/repository/maven-group/org/apache/maven/maven-parent/27/maven-parent-27.pom (41 kB at 150 kB/s)&#xD;&#xA;[INFO] Downloading from nexus: http://nexus/repository/maven-group/org/apache/apache/17/apache-17.pom&#xD;&#xA;[INFO] Downloaded from nexus: http://nexus/repository/maven-group/org/apache/apache/17/apache-17.pom (16 kB at 84 kB/s)&#xD;&#xA;[INFO] Downloading from nexus: http://nexus/repository/maven-group/org/apache/maven/plugins/maven-release-plugin/2.5.3/maven-release-plugin-2.5.3.jar&#xD;&#xA;[INFO] Downloaded from nexus: http://nexus/repository/maven-group/org/apache/maven/plugins/maven-release-plugin/2.5.3/maven-release-plugin-2.5.3.jar (53 kB at 346 kB/s)&#xD;&#xA;[INFO] Downloading from nexus: http://nexus/repository/maven-group/org/apache/maven/plugins/maven-enforcer-plugin/3.0.0-M2/maven-enforcer-plugin-3.0.0-M2.pom&#xD;&#xA;[INFO] Downloaded from nexus: http://nexus/repository/maven-group/org/apache/maven/plugins/maven-enforcer-plugin/3.0.0-M2/maven-enforcer-plugin-3.0.0-M2.pom (6.8 kB at 52 kB/s)&#xD;&#xA;[INFO] Downloading from nexus: http://nexus/repository/maven-group/org/apache/maven/enforcer/enforcer/3.0.0-M2/enforcer-3.0.0-M2.pom&#xD;&#xA;[INFO] Downloaded from nexus: http://nexus/repository/maven-group/org/apache/maven/enforcer/enforcer/3.0.0-M2/enforcer-3.0.0-M2.pom (7.9 kB at 32 kB/s)&#xD;&#xA;[INFO] Downloading from nexus: http://nexus/repository/maven-group/org/apache/maven/plugins/maven-enforcer-plugin/3.0.0-M2/maven-enforcer-plugin-3.0.0-M2.jar&#xD;&#xA;[INFO] Downloaded from nexus: http://nexus/repository/maven-group/org/apache/maven/plugins/maven-enforcer-plugin/3.0.0-M2/maven-enforcer-plugin-3.0.0-M2.jar (26 kB at 249 kB/s)&#xD;&#xA;[INFO] Downloading from nexus: http://nexus/repository/maven-group/org/apache/maven/plugins/maven-failsafe-plugin/2.22.1/maven-failsafe-plugin-2.22.1.pom&#xD;&#xA;[INFO] Downloaded from nexus: http://nexus/repository/maven-group/org/apache/maven/plugins/maven-failsafe-plugin/2.22.1/maven-failsafe-plugin-2.22.1.pom (12 kB at 96 kB/s)&#xD;&#xA;[INFO] Downloading from nexus: http://nexus/repository/maven-group/org/apache/maven/surefire/surefire/2.22.1/surefire-2.22.1.pom&#xD;&#xA;[INFO] Downloaded from nexus: http://nexus/repository/maven-group/org/apache/maven/surefire/surefire/2.22.1/surefire-2.22.1.pom (26 kB at 331 kB/s)&#xD;&#xA;[INFO] Downloading from nexus: http://nexus/repository/maven-group/org/apache/maven/plugins/maven-failsafe-plugin/2.22.1/maven-failsafe-plugin-2.22.1.jar&#xD;&#xA;[INFO] Downloaded from nexus: http://nexus/repository/maven-group/org/apache/maven/plugins/maven-failsafe-plugin/2.22.1/maven-failsafe-plugin-2.22.1.jar (294 kB at 2.8 MB/s)&#xD;&#xA;[INFO] Downloading from nexus: http://nexus/repository/maven-group/org/apache/maven/plugins/maven-invoker-plugin/3.1.0/maven-invoker-plugin-3.1.0.pom&#xD;&#xA;[INFO] Downloaded from nexus: http://nexus/repository/maven-group/org/apache/maven/plugins/maven-invoker-plugin/3.1.0/maven-invoker-plugin-3.1.0.pom (14 kB at 144 kB/s)&#xD;&#xA;[INFO] Downloading from nexus: http://nexus/repository/maven-group/org/apache/maven/plugins/maven-invoker-plugin/3.1.0/maven-invoker-plugin-3.1.0.jar&#xD;&#xA;[INFO] Downloaded from nexus: http://nexus/repository/maven-group/org/apache/maven/plugins/maven-invoker-plugin/3.1.0/maven-invoker-plugin-3.1.0.jar (115 kB at 1.4 MB/s)&#xD;&#xA;[INFO] Downloading from nexus: http://nexus/repository/maven-group/org/apache/maven/plugins/maven-help-plugin/3.1.1/maven-help-plugin-3.1.1.pom&#xD;&#xA;[INFO] Downloaded from nexus: http://nexus/repository/maven-group/org/apache/maven/plugins/maven-help-plugin/3.1.1/maven-help-plugin-3.1.1.pom (9.4 kB at 63 kB/s)&#xD;&#xA;[INFO] Downloading from nexus: http://nexus/repository/maven-group/org/apache/maven/plugins/maven-help-plugin/3.1.1/maven-help-plugin-3.1.1.jar&#xD;&#xA;[INFO] Downloaded from nexus: http://nexus/repository/maven-group/org/apache/maven/plugins/maven-help-plugin/3.1.1/maven-help-plugin-3.1.1.jar (64 kB at 709 kB/s)&#xD;&#xA;[INFO] Downloading from nexus: http://nexus/repository/maven-group/org/apache/maven/plugins/maven-javadoc-plugin/3.0.1/maven-javadoc-plugin-3.0.1.pom&#xD;&#xA;[INFO] Downloaded from nexus: http://nexus/repository/maven-group/org/apache/maven/plugins/maven-javadoc-plugin/3.0.1/maven-javadoc-plugin-3.0.1.pom (19 kB at 182 kB/s)&#xD;&#xA;[INFO] Downloading from nexus: http://nexus/repository/maven-group/org/apache/maven/plugins/maven-javadoc-plugin/3.0.1/maven-javadoc-plugin-3.0.1.jar&#xD;&#xA;[INFO] Downloaded from nexus: http://nexus/repository/maven-group/org/apache/maven/plugins/maven-javadoc-plugin/3.0.1/maven-javadoc-plugin-3.0.1.jar (421 kB at 1.8 MB/s)&#xD;&#xA;[INFO] Downloading from nexus: http://nexus/repository/maven-group/org/apache/maven/plugins/maven-shade-plugin/3.2.1/maven-shade-plugin-3.2.1.pom&#xD;&#xA;[INFO] Downloaded from nexus: http://nexus/repository/maven-group/org/apache/maven/plugins/maven-shade-plugin/3.2.1/maven-shade-plugin-3.2.1.pom (9.3 kB at 57 kB/s)&#xD;&#xA;[INFO] Downloading from nexus: http://nexus/repository/maven-group/org/apache/maven/plugins/maven-shade-plugin/3.2.1/maven-shade-plugin-3.2.1.jar&#xD;&#xA;[INFO] Downloaded from nexus: http://nexus/repository/maven-group/org/apache/maven/plugins/maven-shade-plugin/3.2.1/maven-shade-plugin-3.2.1.jar (114 kB at 933 kB/s)&#xD;&#xA;[INFO] Downloading from nexus: http://nexus/repository/maven-group/org/apache/maven/plugins/maven-source-plugin/3.0.1/maven-source-plugin-3.0.1.pom&#xD;&#xA;[INFO] Downloaded from nexus: http://nexus/repository/maven-group/org/apache/maven/plugins/maven-source-plugin/3.0.1/maven-source-plugin-3.0.1.pom (5.7 kB at 45 kB/s)&#xD;&#xA;[INFO] Downloading from nexus: http://nexus/repository/maven-group/org/apache/maven/plugins/maven-plugins/30/maven-plugins-30.pom&#xD;&#xA;[INFO] Downloaded from nexus: http://nexus/repository/maven-group/org/apache/maven/plugins/maven-plugins/30/maven-plugins-30.pom (10 kB at 90 kB/s)&#xD;&#xA;[INFO] Downloading from nexus: http://nexus/repository/maven-group/org/apache/maven/maven-parent/30/maven-parent-30.pom&#xD;&#xA;[INFO] Downloaded from nexus: http://nexus/repository/maven-group/org/apache/maven/maven-parent/30/maven-parent-30.pom (41 kB at 394 kB/s)&#xD;&#xA;[INFO] Downloading from nexus: http://nexus/repository/maven-group/org/apache/maven/plugins/maven-source-plugin/3.0.1/maven-source-plugin-3.0.1.jar&#xD;&#xA;[INFO] Downloaded from nexus: http://nexus/repository/maven-group/org/apache/maven/plugins/maven-source-plugin/3.0.1/maven-source-plugin-3.0.1.jar (31 kB at 552 kB/s)&#xD;&#xA;[INFO] Downloading from nexus: http://nexus/repository/maven-group/org/apache/maven/plugins/maven-surefire-plugin/2.22.1/maven-surefire-plugin-2.22.1.pom&#xD;&#xA;[INFO] Downloaded from nexus: http://nexus/repository/maven-group/org/apache/maven/plugins/maven-surefire-plugin/2.22.1/maven-surefire-plugin-2.22.1.pom (5.0 kB at 39 kB/s)&#xD;&#xA;[INFO] Downloading from nexus: http://nexus/repository/maven-group/org/apache/maven/plugins/maven-surefire-plugin/2.22.1/maven-surefire-plugin-2.22.1.jar&#xD;&#xA;[INFO] Downloaded from nexus: http://nexus/repository/maven-group/org/apache/maven/plugins/maven-surefire-plugin/2.22.1/maven-surefire-plugin-2.22.1.jar (41 kB at 357 kB/s)&#xD;&#xA;[INFO] Downloading from nexus: http://nexus/repository/maven-group/org/apache/maven/plugins/maven-war-plugin/3.2.2/maven-war-plugin-3.2.2.pom&#xD;&#xA;[INFO] Downloaded from nexus: http://nexus/repository/maven-group/org/apache/maven/plugins/maven-war-plugin/3.2.2/maven-war-plugin-3.2.2.pom (9.7 kB at 96 kB/s)&#xD;&#xA;[INFO] Downloading from nexus: http://nexus/repository/maven-group/org/apache/maven/plugins/maven-war-plugin/3.2.2/maven-war-plugin-3.2.2.jar&#xD;&#xA;[INFO] Downloaded from nexus: http://nexus/repository/maven-group/org/apache/maven/plugins/maven-war-plugin/3.2.2/maven-war-plugin-3.2.2.jar (91 kB at 1.0 MB/s)&#xD;&#xA;[INFO] Downloading from nexus: http://nexus/repository/maven-group/org/codehaus/mojo/build-helper-maven-plugin/3.0.0/build-helper-maven-plugin-3.0.0.pom&#xD;&#xA;[INFO] Downloaded from nexus: http://nexus/repository/maven-group/org/codehaus/mojo/build-helper-maven-plugin/3.0.0/build-helper-maven-plugin-3.0.0.pom (5.8 kB at 57 kB/s)&#xD;&#xA;[INFO] Downloading from nexus: http://nexus/repository/maven-group/org/codehaus/mojo/mojo-parent/40/mojo-parent-40.pom&#xD;&#xA;[INFO] Downloaded from nexus: http://nexus/repository/maven-group/org/codehaus/mojo/mojo-parent/40/mojo-parent-40.pom (34 kB at 278 kB/s)&#xD;&#xA;[INFO] Downloading from nexus: http://nexus/repository/maven-group/org/codehaus/mojo/build-helper-maven-plugin/3.0.0/build-helper-maven-plugin-3.0.0.jar&#xD;&#xA;[INFO] Downloaded from nexus: http://nexus/repository/maven-group/org/codehaus/mojo/build-helper-maven-plugin/3.0.0/build-helper-maven-plugin-3.0.0.jar (64 kB at 693 kB/s)&#xD;&#xA;[INFO] Downloading from nexus: http://nexus/repository/maven-group/org/codehaus/mojo/exec-maven-plugin/1.6.0/exec-maven-plugin-1.6.0.pom&#xD;&#xA;[INFO] Downloaded from nexus: http://nexus/repository/maven-group/org/codehaus/mojo/exec-maven-plugin/1.6.0/exec-maven-plugin-1.6.0.pom (13 kB at 80 kB/s)&#xD;&#xA;[INFO] Downloading from nexus: http://nexus/repository/maven-group/org/codehaus/mojo/exec-maven-plugin/1.6.0/exec-maven-plugin-1.6.0.jar&#xD;&#xA;[INFO] Downloaded from nexus: http://nexus/repository/maven-group/org/codehaus/mojo/exec-maven-plugin/1.6.0/exec-maven-plugin-1.6.0.jar (58 kB at 566 kB/s)&#xD;&#xA;[INFO] Downloading from nexus: http://nexus/repository/maven-group/org/codehaus/mojo/versions-maven-plugin/2.7/versions-maven-plugin-2.7.pom&#xD;&#xA;[INFO] Downloaded from nexus: http://nexus/repository/maven-group/org/codehaus/mojo/versions-maven-plugin/2.7/versions-maven-plugin-2.7.pom (17 kB at 71 kB/s)&#xD;&#xA;[INFO] Downloading from nexus: http://nexus/repository/maven-group/org/codehaus/mojo/versions-maven-plugin/2.7/versions-maven-plugin-2.7.jar&#xD;&#xA;[INFO] Downloaded from nexus: http://nexus/repository/maven-group/org/codehaus/mojo/versions-maven-plugin/2.7/versions-maven-plugin-2.7.jar (310 kB at 2.7 MB/s)&#xD;&#xA;[INFO] &#xD;&#xA;[INFO] -----------------&lt; com.example:bdd-spring-1547468057 &gt;------------------&#xD;&#xA;[INFO] Building demo 0.0.1-SNAPSHOT&#xD;&#xA;[INFO] --------------------------------[ jar ]---------------------------------&#xD;&#xA;[INFO] &#xD;&#xA;[INFO] --- versions-maven-plugin:2.7:set (default-cli) @ bdd-spring-1547468057 ---&#xD;&#xA;[INFO] Downloading from nexus: http://nexus/repository/maven-group/org/apache/maven/maven-artifact/2.2.1/maven-artifact-2.2.1.pom&#xD;&#xA;[INFO] Downloaded from nexus: http://nexus/repository/maven-group/org/apache/maven/maven-artifact/2.2.1/maven-artifact-2.2.1.pom (1.6 kB at 20 kB/s)&#xD;&#xA;[INFO] Downloading from nexus: http://nexus/repository/maven-group/org/apache/maven/maven/2.2.1/maven-2.2.1.pom&#xD;&#xA;[INFO] Downloaded from nexus: http://nexus/repository/maven-group/org/apache/maven/maven/2.2.1/maven-2.2.1.pom (22 kB at 241 kB/s)&#xD;&#xA;[INFO] Downloading from nexus: http://nexus/repository/maven-group/org/apache/maven/maven-parent/11/maven-parent-11.pom&#xD;&#xA;[INFO] Downloaded from nexus: http://nexus/repository/maven-group/org/apache/maven/maven-parent/11/maven-parent-11.pom (32 kB at 230 kB/s)&#xD;&#xA;[INFO] Downloading from nexus: http://nexus/repository/maven-group/org/apache/apache/5/apache-5.pom&#xD;&#xA;[INFO] Downloaded from nexus: http://nexus/repository/maven-group/org/apache/apache/5/apache-5.pom (4.1 kB at 26 kB/s)&#xD;&#xA;[INFO] Downloading from nexus: http://nexus/repository/maven-group/org/codehaus/plexus/plexus-utils/1.5.15/plexus-utils-1.5.15.pom&#xD;&#xA;[INFO] Downloaded from nexus: http://nexus/repository/maven-group/org/codehaus/plexus/plexus-utils/1.5.15/plexus-utils-1.5.15.pom (6.8 kB at 38 kB/s)&#xD;&#xA;[INFO] Downloading from nexus: http://nexus/repository/maven-group/org/codehaus/plexus/plexus/2.0.2/plexus-2.0.2.pom&#xD;&#xA;[INFO] Downloaded from nexus: http://nexus/repository/maven-group/org/codehaus/plexus/plexus/2.0.2/plexus-2.0.2.pom (12 kB at 145 kB/s)&#xD;&#xA;[INFO] Downloading from nexus: http://nexus/repository/maven-group/org/apache/maven/maven-artifact-manager/2.2.1/maven-artifact-manager-2.2.1.pom&#xD;&#xA;[INFO] Downloaded from nexus: http://nexus/repository/maven-group/org/apache/maven/maven-artifact-manager/2.2.1/maven-artifact-manager-2.2.1.pom (3.1 kB at 49 kB/s)&#xD;&#xA;[INFO] Downloading from nexus: http://nexus/repository/maven-group/org/apache/maven/maven-repository-metadata/2.2.1/maven-repository-metadata-2.2.1.pom&#xD;&#xA;[INFO] Downloaded from nexus: http://nexus/repository/maven-group/org/apache/maven/maven-repository-metadata/2.2.1/maven-repository-metadata-2.2.1.pom (1.9 kB at 28 kB/s)&#xD;&#xA;[INFO] Downloading from nexus: http://nexus/repository/maven-group/org/codehaus/plexus/plexus-container-default/1.0-alpha-9-stable-1/plexus-container-default-1.0-alpha-9-stable-1.pom&#xD;&#xA;[INFO] Downloaded from nexus: http://nexus/repository/maven-group/org/codehaus/plexus/plexus-container-default/1.0-alpha-9-stable-1/plexus-container-default-1.0-alpha-9-stable-1.pom (3.9 kB at 44 kB/s)&#xD;&#xA;[INFO] Downloading from nexus: http://nexus/repository/maven-group/org/codehaus/plexus/plexus-containers/1.0.3/plexus-containers-1.0.3.pom&#xD;&#xA;[INFO] Downloaded from nexus: http://nexus/repository/maven-group/org/codehaus/plexus/plexus-containers/1.0.3/plexus-containers-1.0.3.pom (492 B at 6.1 kB/s)&#xD;&#xA;[INFO] Downloading from nexus: http://nexus/repository/maven-group/org/codehaus/plexus/plexus/1.0.4/plexus-1.0.4.pom&#xD;&#xA;[INFO] Downloaded from nexus: http://nexus/repository/maven-group/org/codehaus/plexus/plexus/1.0.4/plexus-1.0.4.pom (5.7 kB at 61 kB/s)&#xD;&#xA;[INFO] Downloading from nexus: http://nexus/repository/maven-group/junit/junit/4.12/junit-4.12.pom&#xD;&#xA;[INFO] Downloaded from nexus: http://nexus/repository/maven-group/junit/junit/4.12/junit-4.12.pom (24 kB at 221 kB/s)&#xD;&#xA;[INFO] Downloading from nexus: http://nexus/repository/maven-group/org/hamcrest/hamcrest-core/1.3/hamcrest-core-1.3.pom&#xD;&#xA;[INFO] Downloaded from nexus: http://nexus/repository/maven-group/org/hamcrest/hamcrest-core/1.3/hamcrest-core-1.3.pom (766 B at 8.9 kB/s)&#xD;&#xA;[INFO] Downloading from nexus: http://nexus/repository/maven-group/org/hamcrest/hamcrest-parent/1.3/hamcrest-parent-1.3.pom&#xD;&#xA;[INFO] Downloaded from nexus: http://nexus/repository/maven-group/org/hamcrest/hamcrest-parent/1.3/hamcrest-parent-1.3.pom (2.0 kB at 26 kB/s)&#xD;&#xA;[INFO] Downloading from nexus: http://nexus/repository/maven-group/org/codehaus/plexus/plexus-utils/1.0.4/plexus-utils-1.0.4.pom&#xD;&#xA;[INFO] Downloaded from nexus: http://nexus/repository/maven-group/org/codehaus/plexus/plexus-utils/1.0.4/plexus-utils-1.0.4.pom (6.9 kB at 69 kB/s)&#xD;&#xA;[INFO] Downloading from nexus: http://nexus/repository/maven-group/classworlds/classworlds/1.1-alpha-2/classworlds-1.1-alpha-2.pom&#xD;&#xA;[INFO] Downloaded from nexus: http://nexus/repository/maven-group/classworlds/classworlds/1.1-alpha-2/classworlds-1.1-alpha-2.pom (3.1 kB at 28 kB/s)&#xD;&#xA;[INFO] Downloading from nexus: http://nexus/repository/maven-group/backport-util-concurrent/backport-util-concurrent/3.1/backport-util-concurrent-3.1.pom&#xD;&#xA;[INFO] Downloaded from nexus: http://nexus/repository/maven-group/backport-util-concurrent/backport-util-concurrent/3.1/backport-util-concurrent-3.1.pom (880 B at 4.7 kB/s)&#xD;&#xA;[INFO] Downloading from nexus: http://nexus/repository/maven-group/org/apache/maven/maven-core/2.2.1/maven-core-2.2.1.pom&#xD;&#xA;[INFO] Downloaded from nexus: http://nexus/repository/maven-group/org/apache/maven/maven-core/2.2.1/maven-core-2.2.1.pom (12 kB at 67 kB/s)&#xD;&#xA;[INFO] Downloading from nexus: http://nexus/repository/maven-group/org/apache/maven/maven-settings/2.2.1/maven-settings-2.2.1.pom&#xD;&#xA;[INFO] Downloaded from nexus: http://nexus/repository/maven-group/org/apache/maven/maven-settings/2.2.1/maven-settings-2.2.1.pom (2.2 kB at 16 kB/s)&#xD;&#xA;[INFO] Downloading from nexus: http://nexus/repository/maven-group/org/apache/maven/maven-model/2.2.1/maven-model-2.2.1.pom&#xD;&#xA;[INFO] Downloaded from nexus: http://nexus/repository/maven-group/org/apache/maven/maven-model/2.2.1/maven-model-2.2.1.pom (3.2 kB at 19 kB/s)&#xD;&#xA;[INFO] Downloading from nexus: http://nexus/repository/maven-group/org/codehaus/plexus/plexus-interpolation/1.11/plexus-interpolation-1.11.pom&#xD;&#xA;[INFO] Downloaded from nexus: http://nexus/repository/maven-group/org/codehaus/plexus/plexus-interpolation/1.11/plexus-interpolation-1.11.pom (889 B at 7.9 kB/s)&#xD;&#xA;[INFO] Downloading from nexus: http://nexus/repository/maven-group/org/codehaus/plexus/plexus-components/1.1.14/plexus-components-1.1.14.pom&#xD;&#xA;[INFO] Downloaded from nexus: http://nexus/repository/maven-group/org/codehaus/plexus/plexus-components/1.1.14/plexus-components-1.1.14.pom (5.8 kB at 56 kB/s)&#xD;&#xA;[INFO] Downloading from nexus: http://nexus/repository/maven-group/org/apache/maven/maven-plugin-parameter-documenter/2.2.1/maven-plugin-parameter-documenter-2.2.1.pom&#xD;&#xA;[INFO] Downloaded from nexus: http://nexus/repository/maven-group/org/apache/maven/maven-plugin-parameter-documenter/2.2.1/maven-plugin-parameter-documenter-2.2.1.pom (2.0 kB at 17 kB/s)&#xD;&#xA;[INFO] Downloading from nexus: http://nexus/repository/maven-group/org/slf4j/slf4j-jdk14/1.5.6/slf4j-jdk14-1.5.6.pom&#xD;&#xA;[INFO] Downloaded from nexus: http://nexus/repository/maven-group/org/slf4j/slf4j-jdk14/1.5.6/slf4j-jdk14-1.5.6.pom (1.9 kB at 20 kB/s)&#xD;&#xA;[INFO] Downloading from nexus: http://nexus/repository/maven-group/org/slf4j/slf4j-parent/1.5.6/slf4j-parent-1.5.6.pom&#xD;&#xA;[INFO] Downloaded from nexus: http://nexus/repository/maven-group/org/slf4j/slf4j-parent/1.5.6/slf4j-parent-1.5.6.pom (7.9 kB at 106 kB/s)&#xD;&#xA;[INFO] Downloading from nexus: http://nexus/repository/maven-group/org/slf4j/slf4j-api/1.5.6/slf4j-api-1.5.6.pom&#xD;&#xA;[INFO] Downloaded from nexus: http://nexus/repository/maven-group/org/slf4j/slf4j-api/1.5.6/slf4j-api-1.5.6.pom (3.0 kB at 33 kB/s)&#xD;&#xA;[INFO] Downloading from nexus: http://nexus/repository/maven-group/org/slf4j/jcl-over-slf4j/1.5.6/jcl-over-slf4j-1.5.6.pom&#xD;&#xA;[INFO] Downloaded from nexus: http://nexus/repository/maven-group/org/slf4j/jcl-over-slf4j/1.5.6/jcl-over-slf4j-1.5.6.pom (2.2 kB at 35 kB/s)&#xD;&#xA;[INFO] Downloading from nexus: http://nexus/repository/maven-group/org/apache/maven/reporting/maven-reporting-api/2.2.1/maven-reporting-api-2.2.1.pom&#xD;&#xA;[INFO] Downloaded from nexus: http://nexus/repository/maven-group/org/apache/maven/reporting/maven-reporting-api/2.2.1/maven-reporting-api-2.2.1.pom (1.9 kB at 12 kB/s)&#xD;&#xA;[INFO] Downloading from nexus: http://nexus/repository/maven-group/org/apache/maven/reporting/maven-reporting/2.2.1/maven-reporting-2.2.1.pom&#xD;&#xA;[INFO] Downloaded from nexus: http://nexus/repository/maven-group/org/apache/maven/reporting/maven-reporting/2.2.1/maven-reporting-2.2.1.pom (1.4 kB at 18 kB/s)&#xD;&#xA;[INFO] Downloading from nexus: http://nexus/repository/maven-group/org/apache/maven/doxia/doxia-sink-api/1.1/doxia-sink-api-1.1.pom&#xD;&#xA;[INFO] Downloaded from nexus: http://nexus/repository/maven-group/org/apache/maven/doxia/doxia-sink-api/1.1/doxia-sink-api-1.1.pom (2.0 kB at 24 kB/s)&#xD;&#xA;[INFO] Downloading from nexus: http://nexus/repository/maven-group/org/apache/maven/doxia/doxia/1.1/doxia-1.1.pom&#xD;&#xA;[INFO] Downloaded from nexus: http://nexus/repository/maven-group/org/apache/maven/doxia/doxia/1.1/doxia-1.1.pom (15 kB at 220 kB/s)&#xD;&#xA;[INFO] Downloading from nexus: http://nexus/repository/maven-group/org/apache/maven/doxia/doxia-logging-api/1.1/doxia-logging-api-1.1.pom&#xD;&#xA;[INFO] Downloaded from nexus: http://nexus/repository/maven-group/org/apache/maven/doxia/doxia-logging-api/1.1/doxia-logging-api-1.1.pom (1.6 kB at 16 kB/s)&#xD;&#xA;[INFO] Downloading from nexus: http://nexus/repository/maven-group/org/codehaus/plexus/plexus-container-default/1.0-alpha-30/plexus-container-default-1.0-alpha-30.pom&#xD;&#xA;[INFO] Downloaded from nexus: http://nexus/repository/maven-group/org/codehaus/plexus/plexus-container-default/1.0-alpha-30/plexus-container-default-1.0-alpha-30.pom (3.5 kB at 42 kB/s)&#xD;&#xA;[INFO] Downloading from nexus: http://nexus/repository/maven-group/org/codehaus/plexus/plexus-containers/1.0-alpha-30/plexus-containers-1.0-alpha-30.pom&#xD;&#xA;[INFO] Downloaded from nexus: http://nexus/repository/maven-group/org/codehaus/plexus/plexus-containers/1.0-alpha-30/plexus-containers-1.0-alpha-30.pom (1.9 kB at 14 kB/s)&#xD;&#xA;[INFO] Downloading from nexus: http://nexus/repository/maven-group/org/codehaus/plexus/plexus/1.0.11/plexus-1.0.11.pom&#xD;&#xA;[INFO] Downloaded from nexus: http://nexus/repository/maven-group/org/codehaus/plexus/plexus/1.0.11/plexus-1.0.11.pom (9.0 kB at 69 kB/s)&#xD;&#xA;[INFO] Downloading from nexus: http://nexus/repository/maven-group/org/codehaus/plexus/plexus-utils/1.4.5/plexus-utils-1.4.5.pom&#xD;&#xA;[INFO] Downloaded from nexus: http://nexus/repository/maven-group/org/codehaus/plexus/plexus-utils/1.4.5/plexus-utils-1.4.5.pom (2.3 kB at 27 kB/s)&#xD;&#xA;[INFO] Downloading from nexus: http://nexus/repository/maven-group/org/codehaus/plexus/plexus-classworlds/1.2-alpha-9/plexus-classworlds-1.2-alpha-9.pom&#xD;&#xA;[INFO] Downloaded from nexus: http://nexus/repository/maven-group/org/codehaus/plexus/plexus-classworlds/1.2-alpha-9/plexus-classworlds-1.2-alpha-9.pom (3.2 kB at 36 kB/s)&#xD;&#xA;[INFO] Downloading from nexus: http://nexus/repository/maven-group/org/codehaus/plexus/plexus/1.0.10/plexus-1.0.10.pom&#xD;&#xA;[INFO] Downloaded from nexus: http://nexus/repository/maven-group/org/codehaus/plexus/plexus/1.0.10/plexus-1.0.10.pom (8.2 kB at 115 kB/s)&#xD;&#xA;[INFO] Downloading from nexus: http://nexus/repository/maven-group/org/apache/maven/maven-profile/2.2.1/maven-profile-2.2.1.pom&#xD;&#xA;[INFO] Downloaded from nexus: http://nexus/repository/maven-group/org/apache/maven/maven-profile/2.2.1/maven-profile-2.2.1.pom (2.2 kB at 19 kB/s)&#xD;&#xA;[INFO] Downloading from nexus: http://nexus/repository/maven-group/org/apache/maven/maven-error-diagnostics/2.2.1/maven-error-diagnostics-2.2.1.pom&#xD;&#xA;[INFO] Downloaded from nexus: http://nexus/repository/maven-group/org/apache/maven/maven-error-diagnostics/2.2.1/maven-error-diagnostics-2.2.1.pom (1.7 kB at 23 kB/s)&#xD;&#xA;[INFO] Downloading from nexus: http://nexus/repository/maven-group/org/apache/maven/maven-project/2.2.1/maven-project-2.2.1.pom&#xD;&#xA;[INFO] Downloaded from nexus: http://nexus/repository/maven-group/org/apache/maven/maven-project/2.2.1/maven-project-2.2.1.pom (2.8 kB at 32 kB/s)&#xD;&#xA;[INFO] Downloading from nexus: http://nexus/repository/maven-group/org/apache/maven/maven-plugin-registry/2.2.1/maven-plugin-registry-2.2.1.pom&#xD;&#xA;[INFO] Downloaded from nexus: http://nexus/repository/maven-group/org/apache/maven/maven-plugin-registry/2.2.1/maven-plugin-registry-2.2.1.pom (1.9 kB at 29 kB/s)&#xD;&#xA;[INFO] Downloading from nexus: http://nexus/repository/maven-group/commons-cli/commons-cli/1.2/commons-cli-1.2.pom&#xD;&#xA;[INFO] Downloaded from nexus: http://nexus/repository/maven-group/commons-cli/commons-cli/1.2/commons-cli-1.2.pom (8.0 kB at 81 kB/s)&#xD;&#xA;[INFO] Downloading from nexus: http://nexus/repository/maven-group/org/apache/commons/commons-parent/11/commons-parent-11.pom&#xD;&#xA;[INFO] Downloaded from nexus: http://nexus/repository/maven-group/org/apache/commons/commons-parent/11/commons-parent-11.pom (25 kB at 268 kB/s)&#xD;&#xA;[INFO] Downloading from nexus: http://nexus/repository/maven-group/org/apache/apache/4/apache-4.pom&#xD;&#xA;[INFO] Downloaded from nexus: http://nexus/repository/maven-group/org/apache/apache/4/apache-4.pom (4.5 kB at 40 kB/s)&#xD;&#xA;[INFO] Downloading from nexus: http://nexus/repository/maven-group/org/apache/maven/maven-plugin-api/3.0/maven-plugin-api-3.0.pom&#xD;&#xA;[INFO] Downloaded from nexus: http://nexus/repository/maven-group/org/apache/maven/maven-plugin-api/3.0/maven-plugin-api-3.0.pom (2.3 kB at 33 kB/s)&#xD;&#xA;[INFO] Downloading from nexus: http://nexus/repository/maven-group/org/apache/maven/maven/3.0/maven-3.0.pom&#xD;&#xA;[INFO] Downloaded from nexus: http://nexus/repository/maven-group/org/apache/maven/maven/3.0/maven-3.0.pom (22 kB at 322 kB/s)&#xD;&#xA;[INFO] Downloading from nexus: http://nexus/repository/maven-group/org/apache/maven/maven-parent/15/maven-parent-15.pom&#xD;&#xA;[INFO] Downloaded from nexus: http://nexus/repository/maven-group/org/apache/maven/maven-parent/15/maven-parent-15.pom (24 kB at 312 kB/s)&#xD;&#xA;[INFO] Downloading from nexus: http://nexus/repository/maven-group/org/apache/apache/6/apache-6.pom&#xD;&#xA;[INFO] Downloaded from nexus: http://nexus/repository/maven-group/org/apache/apache/6/apache-6.pom (13 kB at 206 kB/s)&#xD;&#xA;[INFO] Downloading from nexus: http://nexus/repository/maven-group/org/apache/maven/maven-model/3.0/maven-model-3.0.pom&#xD;&#xA;[INFO] Downloaded from nexus: http://nexus/repository/maven-group/org/apache/maven/maven-model/3.0/maven-model-3.0.pom (3.9 kB at 51 kB/s)&#xD;&#xA;[INFO] Downloading from nexus: http://nexus/repository/maven-group/org/codehaus/plexus/plexus-utils/2.0.4/plexus-utils-2.0.4.pom&#xD;&#xA;[INFO] Downloaded from nexus: http://nexus/repository/maven-group/org/codehaus/plexus/plexus-utils/2.0.4/plexus-utils-2.0.4.pom (3.3 kB at 44 kB/s)&#xD;&#xA;[INFO] Downloading from nexus: http://nexus/repository/maven-group/org/codehaus/plexus/plexus/2.0.6/plexus-2.0.6.pom&#xD;&#xA;[INFO] Downloaded from nexus: http://nexus/repository/maven-group/org/codehaus/plexus/plexus/2.0.6/plexus-2.0.6.pom (17 kB at 204 kB/s)&#xD;&#xA;[INFO] Downloading from nexus: http://nexus/repository/maven-group/org/apache/maven/maven-artifact/3.0/maven-artifact-3.0.pom&#xD;&#xA;[INFO] Downloaded from nexus: http://nexus/repository/maven-group/org/apache/maven/maven-artifact/3.0/maven-artifact-3.0.pom (1.9 kB at 29 kB/s)&#xD;&#xA;[INFO] Downloading from nexus: http://nexus/repository/maven-group/org/sonatype/sisu/sisu-inject-plexus/1.4.2/sisu-inject-plexus-1.4.2.pom&#xD;&#xA;[INFO] Downloaded from nexus: http://nexus/repository/maven-group/org/sonatype/sisu/sisu-inject-plexus/1.4.2/sisu-inject-plexus-1.4.2.pom (5.4 kB at 59 kB/s)&#xD;&#xA;[INFO] Downloading from nexus: http://nexus/repository/maven-group/org/sonatype/sisu/inject/guice-plexus/1.4.2/guice-plexus-1.4.2.pom&#xD;&#xA;[INFO] Downloaded from nexus: http://nexus/repository/maven-group/org/sonatype/sisu/inject/guice-plexus/1.4.2/guice-plexus-1.4.2.pom (3.1 kB at 41 kB/s)&#xD;&#xA;[INFO] Downloading from nexus: http://nexus/repository/maven-group/org/sonatype/sisu/inject/guice-bean/1.4.2/guice-bean-1.4.2.pom&#xD;&#xA;[INFO] Downloaded from nexus: http://nexus/repository/maven-group/org/sonatype/sisu/inject/guice-bean/1.4.2/guice-bean-1.4.2.pom (2.6 kB at 47 kB/s)&#xD;&#xA;[INFO] Downloading from nexus: http://nexus/repository/maven-group/org/sonatype/sisu/sisu-inject/1.4.2/sisu-inject-1.4.2.pom&#xD;&#xA;[INFO] Downloaded from nexus: http://nexus/repository/maven-group/org/sonatype/sisu/sisu-inject/1.4.2/sisu-inject-1.4.2.pom (1.2 kB at 22 kB/s)&#xD;&#xA;[INFO] Downloading from nexus: http://nexus/repository/maven-group/org/sonatype/sisu/sisu-parent/1.4.2/sisu-parent-1.4.2.pom&#xD;&#xA;[INFO] Downloaded from nexus: http://nexus/repository/maven-group/org/sonatype/sisu/sisu-parent/1.4.2/sisu-parent-1.4.2.pom (7.8 kB at 139 kB/s)&#xD;&#xA;[INFO] Downloading from nexus: http://nexus/repository/maven-group/org/sonatype/forge/forge-parent/6/forge-parent-6.pom&#xD;&#xA;[INFO] Downloaded from nexus: http://nexus/repository/maven-group/org/sonatype/forge/forge-parent/6/forge-parent-6.pom (11 kB at 154 kB/s)&#xD;&#xA;[INFO] Downloading from nexus: http://nexus/repository/maven-group/org/codehaus/plexus/plexus-component-annotations/1.5.4/plexus-component-annotations-1.5.4.pom&#xD;&#xA;[INFO] Downloaded from nexus: http://nexus/repository/maven-group/org/codehaus/plexus/plexus-component-annotations/1.5.4/plexus-component-annotations-1.5.4.pom (815 B at 11 kB/s)&#xD;&#xA;[INFO] Downloading from nexus: http://nexus/repository/maven-group/org/codehaus/plexus/plexus-containers/1.5.4/plexus-containers-1.5.4.pom&#xD;&#xA;[INFO] Downloaded from nexus: http://nexus/repository/maven-group/org/codehaus/plexus/plexus-containers/1.5.4/plexus-containers-1.5.4.pom (4.2 kB at 60 kB/s)&#xD;&#xA;[INFO] Downloading from nexus: http://nexus/repository/maven-group/org/codehaus/plexus/plexus/2.0.5/plexus-2.0.5.pom&#xD;&#xA;[INFO] Downloaded from nexus: http://nexus/repository/maven-group/org/codehaus/plexus/plexus/2.0.5/plexus-2.0.5.pom (17 kB at 120 kB/s)&#xD;&#xA;[INFO] Downloading from nexus: http://nexus/repository/maven-group/org/codehaus/plexus/plexus-classworlds/2.2.3/plexus-classworlds-2.2.3.pom&#xD;&#xA;[INFO] Downloaded from nexus: http://nexus/repository/maven-group/org/codehaus/plexus/plexus-classworlds/2.2.3/plexus-classworlds-2.2.3.pom (4.0 kB at 43 kB/s)&#xD;&#xA;[INFO] Downloading from nexus: http://nexus/repository/maven-group/org/codehaus/plexus/plexus-utils/2.0.5/plexus-utils-2.0.5.pom&#xD;&#xA;[INFO] Downloaded from nexus: http://nexus/repository/maven-group/org/codehaus/plexus/plexus-utils/2.0.5/plexus-utils-2.0.5.pom (3.3 kB at 38 kB/s)&#xD;&#xA;[INFO] Downloading from nexus: http://nexus/repository/maven-group/org/sonatype/sisu/sisu-inject-bean/1.4.2/sisu-inject-bean-1.4.2.pom&#xD;&#xA;[INFO] Downloaded from nexus: http://nexus/repository/maven-group/org/sonatype/sisu/sisu-inject-bean/1.4.2/sisu-inject-bean-1.4.2.pom (5.5 kB at 76 kB/s)&#xD;&#xA;[INFO] Downloading from nexus: http://nexus/repository/maven-group/org/sonatype/sisu/sisu-guice/2.1.7/sisu-guice-2.1.7.pom&#xD;&#xA;[INFO] Downloaded from nexus: http://nexus/repository/maven-group/org/sonatype/sisu/sisu-guice/2.1.7/sisu-guice-2.1.7.pom (11 kB at 129 kB/s)&#xD;&#xA;[INFO] Downloading from nexus: http://nexus/repository/maven-group/org/apache/maven/maven-plugin-descriptor/2.2.1/maven-plugin-descriptor-2.2.1.pom&#xD;&#xA;[INFO] Downloaded from nexus: http://nexus/repository/maven-group/org/apache/maven/maven-plugin-descriptor/2.2.1/maven-plugin-descriptor-2.2.1.pom (2.1 kB at 9.3 kB/s)&#xD;&#xA;[INFO] Downloading from nexus: http://nexus/repository/maven-group/org/codehaus/plexus/plexus-interactivity-api/1.0-alpha-4/plexus-interactivity-api-1.0-alpha-4.pom&#xD;&#xA;[INFO] Downloaded from nexus: http://nexus/repository/maven-group/org/codehaus/plexus/plexus-interactivity-api/1.0-alpha-4/plexus-interactivity-api-1.0-alpha-4.pom (7.1 kB at 107 kB/s)&#xD;&#xA;[INFO] Downloading from nexus: http://nexus/repository/maven-group/org/apache/maven/maven-monitor/2.2.1/maven-monitor-2.2.1.pom&#xD;&#xA;[INFO] Downloaded from nexus: http://nexus/repository/maven-group/org/apache/maven/maven-monitor/2.2.1/maven-monitor-2.2.1.pom (1.3 kB at 14 kB/s)&#xD;&#xA;[INFO] Downloading from nexus: http://nexus/repository/maven-group/classworlds/classworlds/1.1/classworlds-1.1.pom&#xD;&#xA;[INFO] Downloaded from nexus: http://nexus/repository/maven-group/classworlds/classworlds/1.1/classworlds-1.1.pom (3.3 kB at 32 kB/s)&#xD;&#xA;[INFO] Downloading from nexus: http://nexus/repository/maven-group/org/sonatype/plexus/plexus-sec-dispatcher/1.3/plexus-sec-dispatcher-1.3.pom&#xD;&#xA;[INFO] Downloaded from nexus: http://nexus/repository/maven-group/org/sonatype/plexus/plexus-sec-dispatcher/1.3/plexus-sec-dispatcher-1.3.pom (3.0 kB at 37 kB/s)&#xD;&#xA;[INFO] Downloading from nexus: http://nexus/repository/maven-group/org/sonatype/spice/spice-parent/12/spice-parent-12.pom&#xD;&#xA;[INFO] Downloaded from nexus: http://nexus/repository/maven-group/org/sonatype/spice/spice-parent/12/spice-parent-12.pom (6.8 kB at 87 kB/s)&#xD;&#xA;[INFO] Downloading from nexus: http://nexus/repository/maven-group/org/sonatype/forge/forge-parent/4/forge-parent-4.pom&#xD;&#xA;[INFO] Downloaded from nexus: http://nexus/repository/maven-group/org/sonatype/forge/forge-parent/4/forge-parent-4.pom (8.4 kB at 76 kB/s)&#xD;&#xA;[INFO] Downloading from nexus: http://nexus/repository/maven-group/org/codehaus/plexus/plexus-utils/1.5.5/plexus-utils-1.5.5.pom&#xD;&#xA;[INFO] Downloaded from nexus: http://nexus/repository/maven-group/org/codehaus/plexus/plexus-utils/1.5.5/plexus-utils-1.5.5.pom (5.1 kB at 61 kB/s)&#xD;&#xA;[INFO] Downloading from nexus: http://nexus/repository/maven-group/org/sonatype/plexus/plexus-cipher/1.4/plexus-cipher-1.4.pom&#xD;&#xA;[INFO] Downloaded from nexus: http://nexus/repository/maven-group/org/sonatype/plexus/plexus-cipher/1.4/plexus-cipher-1.4.pom (2.1 kB at 14 kB/s)&#xD;&#xA;[INFO] Downloading from nexus: http://nexus/repository/maven-group/org/apache/maven/maven-plugin-api/2.2.1/maven-plugin-api-2.2.1.pom&#xD;&#xA;[INFO] Downloaded from nexus: http://nexus/repository/maven-group/org/apache/maven/maven-plugin-api/2.2.1/maven-plugin-api-2.2.1.pom (1.5 kB at 17 kB/s)&#xD;&#xA;[INFO] Downloading from nexus: http://nexus/repository/maven-group/org/apache/maven/reporting/maven-reporting-api/3.0/maven-reporting-api-3.0.pom&#xD;&#xA;[INFO] Downloaded from nexus: http://nexus/repository/maven-group/org/apache/maven/reporting/maven-reporting-api/3.0/maven-reporting-api-3.0.pom (2.4 kB at 29 kB/s)&#xD;&#xA;[INFO] Downloading from nexus: http://nexus/repository/maven-group/org/apache/maven/shared/maven-shared-components/15/maven-shared-components-15.pom&#xD;&#xA;[INFO] Downloaded from nexus: http://nexus/repository/maven-group/org/apache/maven/shared/maven-shared-components/15/maven-shared-components-15.pom (9.3 kB at 92 kB/s)&#xD;&#xA;[INFO] Downloading from nexus: http://nexus/repository/maven-group/org/apache/maven/maven-parent/16/maven-parent-16.pom&#xD;&#xA;[INFO] Downloaded from nexus: http://nexus/repository/maven-group/org/apache/maven/maven-parent/16/maven-parent-16.pom (23 kB at 284 kB/s)&#xD;&#xA;[INFO] Downloading from nexus: http://nexus/repository/maven-group/org/apache/apache/7/apache-7.pom&#xD;&#xA;[INFO] Downloaded from nexus: http://nexus/repository/maven-group/org/apache/apache/7/apache-7.pom (14 kB at 198 kB/s)&#xD;&#xA;[INFO] Downloading from nexus: http://nexus/repository/maven-group/org/apache/maven/doxia/doxia-sink-api/1.0/doxia-sink-api-1.0.pom&#xD;&#xA;[INFO] Downloaded from nexus: http://nexus/repository/maven-group/org/apache/maven/doxia/doxia-sink-api/1.0/doxia-sink-api-1.0.pom (1.4 kB at 19 kB/s)&#xD;&#xA;[INFO] Downloading from nexus: http://nexus/repository/maven-group/org/apache/maven/doxia/doxia/1.0/doxia-1.0.pom&#xD;&#xA;[INFO] Downloaded from nexus: http://nexus/repository/maven-group/org/apache/maven/doxia/doxia/1.0/doxia-1.0.pom (9.6 kB at 124 kB/s)&#xD;&#xA;[INFO] Downloading from nexus: http://nexus/repository/maven-group/org/apache/maven/maven-parent/10/maven-parent-10.pom&#xD;&#xA;[INFO] Downloaded from nexus: http://nexus/repository/maven-group/org/apache/maven/maven-parent/10/maven-parent-10.pom (32 kB at 288 kB/s)&#xD;&#xA;[INFO] Downloading from nexus: http://nexus/repository/maven-group/org/apache/maven/reporting/maven-reporting-impl/3.0.0/maven-reporting-impl-3.0.0.pom&#xD;&#xA;[INFO] Downloaded from nexus: http://nexus/repository/maven-group/org/apache/maven/reporting/maven-reporting-impl/3.0.0/maven-reporting-impl-3.0.0.pom (7.6 kB at 110 kB/s)&#xD;&#xA;[INFO] Downloading from nexus: http://nexus/repository/maven-group/org/apache/maven/shared/maven-shared-components/30/maven-shared-components-30.pom&#xD;&#xA;[INFO] Downloaded from nexus: http://nexus/repository/maven-group/org/apache/maven/shared/maven-shared-components/30/maven-shared-components-30.pom (4.6 kB at 59 kB/s)&#xD;&#xA;[INFO] Downloading from nexus: http://nexus/repository/maven-group/org/apache/maven/maven-core/3.0/maven-core-3.0.pom&#xD;&#xA;[INFO] Downloaded from nexus: http://nexus/repository/maven-group/org/apache/maven/maven-core/3.0/maven-core-3.0.pom (6.6 kB at 58 kB/s)&#xD;&#xA;[INFO] Downloading from nexus: http://nexus/repository/maven-group/org/apache/maven/maven-settings/3.0/maven-settings-3.0.pom&#xD;&#xA;[INFO] Downloaded from nexus: http://nexus/repository/maven-group/org/apache/maven/maven-settings/3.0/maven-settings-3.0.pom (1.9 kB at 8.1 kB/s)&#xD;&#xA;[INFO] Downloading from nexus: http://nexus/repository/maven-group/org/apache/maven/maven-settings-builder/3.0/maven-settings-builder-3.0.pom&#xD;&#xA;[INFO] Downloaded from nexus: http://nexus/repository/maven-group/org/apache/maven/maven-settings-builder/3.0/maven-settings-builder-3.0.pom (2.2 kB at 36 kB/s)&#xD;&#xA;[INFO] Downloading from nexus: http://nexus/repository/maven-group/org/codehaus/plexus/plexus-interpolation/1.14/plexus-interpolation-1.14.pom&#xD;&#xA;[INFO] Downloaded from nexus: http://nexus/repository/maven-group/org/codehaus/plexus/plexus-interpolation/1.14/plexus-interpolation-1.14.pom (910 B at 18 kB/s)&#xD;&#xA;[INFO] Downloading from nexus: http://nexus/repository/maven-group/org/codehaus/plexus/plexus-components/1.1.18/plexus-components-1.1.18.pom&#xD;&#xA;[INFO] Downloaded from nexus: http://nexus/repository/maven-group/org/codehaus/plexus/plexus-components/1.1.18/plexus-components-1.1.18.pom (5.4 kB at 94 kB/s)&#xD;&#xA;[INFO] Downloading from nexus: http://nexus/repository/maven-group/org/codehaus/plexus/plexus/2.0.7/plexus-2.0.7.pom&#xD;&#xA;[INFO] Downloaded from nexus: http://nexus/repository/maven-group/org/codehaus/plexus/plexus/2.0.7/plexus-2.0.7.pom (17 kB at 251 kB/s)&#xD;&#xA;[INFO] Downloading from nexus: http://nexus/repository/maven-group/org/codehaus/plexus/plexus-component-annotations/1.5.5/plexus-component-annotations-1.5.5.pom&#xD;&#xA;[INFO] Downloaded from nexus: http://nexus/repository/maven-group/org/codehaus/plexus/plexus-component-annotations/1.5.5/plexus-component-annotations-1.5.5.pom (815 B at 11 kB/s)&#xD;&#xA;[INFO] Downloading from nexus: http://nexus/repository/maven-group/org/codehaus/plexus/plexus-containers/1.5.5/plexus-containers-1.5.5.pom&#xD;&#xA;[INFO] Downloaded from nexus: http://nexus/repository/maven-group/org/codehaus/plexus/plexus-containers/1.5.5/plexus-containers-1.5.5.pom (4.2 kB at 58 kB/s)&#xD;&#xA;[INFO] Downloading from nexus: http://nexus/repository/maven-group/org/apache/maven/maven-repository-metadata/3.0/maven-repository-metadata-3.0.pom&#xD;&#xA;[INFO] Downloaded from nexus: http://nexus/repository/maven-group/org/apache/maven/maven-repository-metadata/3.0/maven-repository-metadata-3.0.pom (1.9 kB at 24 kB/s)&#xD;&#xA;[INFO] Downloading from nexus: http://nexus/repository/maven-group/org/apache/maven/maven-model-builder/3.0/maven-model-builder-3.0.pom&#xD;&#xA;[INFO] Downloaded from nexus: http://nexus/repository/maven-group/org/apache/maven/maven-model-builder/3.0/maven-model-builder-3.0.pom (2.2 kB at 17 kB/s)&#xD;&#xA;[INFO] Downloading from nexus: http://nexus/repository/maven-group/org/apache/maven/maven-aether-provider/3.0/maven-aether-provider-3.0.pom&#xD;&#xA;[INFO] Downloaded from nexus: http://nexus/repository/maven-group/org/apache/maven/maven-aether-provider/3.0/maven-aether-provider-3.0.pom (2.5 kB at 19 kB/s)&#xD;&#xA;[INFO] Downloading from nexus: http://nexus/repository/maven-group/org/sonatype/aether/aether-api/1.7/aether-api-1.7.pom&#xD;&#xA;[INFO] Downloaded from nexus: http://nexus/repository/maven-group/org/sonatype/aether/aether-api/1.7/aether-api-1.7.pom (1.7 kB at 8.4 kB/s)&#xD;&#xA;[INFO] Downloading from nexus: http://nexus/repository/maven-group/org/sonatype/aether/aether-parent/1.7/aether-parent-1.7.pom&#xD;&#xA;[INFO] Downloaded from nexus: http://nexus/repository/maven-group/org/sonatype/aether/aether-parent/1.7/aether-parent-1.7.pom (7.7 kB at 39 kB/s)&#xD;&#xA;[INFO] Downloading from nexus: http://nexus/repository/maven-group/org/sonatype/aether/aether-util/1.7/aether-util-1.7.pom&#xD;&#xA;[INFO] Downloaded from nexus: http://nexus/repository/maven-group/org/sonatype/aether/aether-util/1.7/aether-util-1.7.pom (2.1 kB at 9.2 kB/s)&#xD;&#xA;[INFO] Downloading from nexus: http://nexus/repository/maven-group/org/sonatype/aether/aether-impl/1.7/aether-impl-1.7.pom&#xD;&#xA;[INFO] Downloaded from nexus: http://nexus/repository/maven-group/org/sonatype/aether/aether-impl/1.7/aether-impl-1.7.pom (3.7 kB at 33 kB/s)&#xD;&#xA;[INFO] Downloading from nexus: http://nexus/repository/maven-group/org/sonatype/aether/aether-spi/1.7/aether-spi-1.7.pom&#xD;&#xA;[INFO] Downloaded from nexus: http://nexus/repository/maven-group/org/sonatype/aether/aether-spi/1.7/aether-spi-1.7.pom (1.7 kB at 26 kB/s)&#xD;&#xA;[INFO] Downloading from nexus: http://nexus/repository/maven-group/org/apache/maven/shared/maven-shared-utils/3.2.0/maven-shared-utils-3.2.0.pom&#xD;&#xA;[INFO] Downloaded from nexus: http://nexus/repository/maven-group/org/apache/maven/shared/maven-shared-utils/3.2.0/maven-shared-utils-3.2.0.pom (4.9 kB at 73 kB/s)&#xD;&#xA;[INFO] Downloading from nexus: http://nexus/repository/maven-group/commons-io/commons-io/2.5/commons-io-2.5.pom&#xD;&#xA;[INFO] Downloaded from nexus: http://nexus/repository/maven-group/commons-io/commons-io/2.5/commons-io-2.5.pom (13 kB at 173 kB/s)&#xD;&#xA;[INFO] Downloading from nexus: http://nexus/repository/maven-group/org/apache/commons/commons-parent/39/commons-parent-39.pom&#xD;&#xA;[INFO] Downloaded from nexus: http://nexus/repository/maven-group/org/apache/commons/commons-parent/39/commons-parent-39.pom (62 kB at 815 kB/s)&#xD;&#xA;[INFO] Downloading from nexus: http://nexus/repository/maven-group/org/apache/maven/doxia/doxia-sink-api/1.7/doxia-sink-api-1.7.pom&#xD;&#xA;[INFO] Downloaded from nexus: http://nexus/repository/maven-group/org/apache/maven/doxia/doxia-sink-api/1.7/doxia-sink-api-1.7.pom (1.5 kB at 19 kB/s)&#xD;&#xA;[INFO] Downloading from nexus: http://nexus/repository/maven-group/org/apache/maven/doxia/doxia/1.7/doxia-1.7.pom&#xD;&#xA;[INFO] Downloaded from nexus: http://nexus/repository/maven-group/org/apache/maven/doxia/doxia/1.7/doxia-1.7.pom (15 kB at 209 kB/s)&#xD;&#xA;[INFO] Downloading from nexus: http://nexus/repository/maven-group/org/apache/maven/doxia/doxia-logging-api/1.7/doxia-logging-api-1.7.pom&#xD;&#xA;[INFO] Downloaded from nexus: http://nexus/repository/maven-group/org/apache/maven/doxia/doxia-logging-api/1.7/doxia-logging-api-1.7.pom (1.5 kB at 18 kB/s)&#xD;&#xA;[INFO] Downloading from nexus: http://nexus/repository/maven-group/org/apache/maven/doxia/doxia-decoration-model/1.7.4/doxia-decoration-model-1.7.4.pom&#xD;&#xA;[INFO] Downloaded from nexus: http://nexus/repository/maven-group/org/apache/maven/doxia/doxia-decoration-model/1.7.4/doxia-decoration-model-1.7.4.pom (3.4 kB at 68 kB/s)&#xD;&#xA;[INFO] Downloading from nexus: http://nexus/repository/maven-group/org/apache/maven/doxia/doxia-sitetools/1.7.4/doxia-sitetools-1.7.4.pom&#xD;&#xA;[INFO] Downloaded from nexus: http://nexus/repository/maven-group/org/apache/maven/doxia/doxia-sitetools/1.7.4/doxia-sitetools-1.7.4.pom (14 kB at 246 kB/s)&#xD;&#xA;[INFO] Downloading from nexus: http://nexus/repository/maven-group/org/codehaus/plexus/plexus-component-annotations/1.6/plexus-component-annotations-1.6.pom&#xD;&#xA;[INFO] Downloaded from nexus: http://nexus/repository/maven-group/org/codehaus/plexus/plexus-component-annotations/1.6/plexus-component-annotations-1.6.pom (748 B at 11 kB/s)&#xD;&#xA;[INFO] Downloading from nexus: http://nexus/repository/maven-group/org/codehaus/plexus/plexus-containers/1.6/plexus-containers-1.6.pom&#xD;&#xA;[INFO] Downloaded from nexus: http://nexus/repository/maven-group/org/codehaus/plexus/plexus-containers/1.6/plexus-containers-1.6.pom (3.8 kB at 36 kB/s)&#xD;&#xA;[INFO] Downloading from nexus: http://nexus/repository/maven-group/org/codehaus/plexus/plexus/3.3.2/plexus-3.3.2.pom&#xD;&#xA;[INFO] Downloaded from nexus: http://nexus/repository/maven-group/org/codehaus/plexus/plexus/3.3.2/plexus-3.3.2.pom (22 kB at 273 kB/s)&#xD;&#xA;[INFO] Downloading from nexus: http://nexus/repository/maven-group/org/sonatype/spice/spice-parent/17/spice-parent-17.pom&#xD;&#xA;[INFO] Downloaded from nexus: http://nexus/repository/maven-group/org/sonatype/spice/spice-parent/17/spice-parent-17.pom (6.8 kB at 121 kB/s)&#xD;&#xA;[INFO] Downloading from nexus: http://nexus/repository/maven-group/org/sonatype/forge/forge-parent/10/forge-parent-10.pom&#xD;&#xA;[INFO] Downloaded from nexus: http://nexus/repository/maven-group/org/sonatype/forge/forge-parent/10/forge-parent-10.pom (14 kB at 163 kB/s)&#xD;&#xA;[INFO] Downloading from nexus: http://nexus/repository/maven-group/org/codehaus/plexus/plexus-utils/3.0.22/plexus-utils-3.0.22.pom&#xD;&#xA;[INFO] Downloaded from nexus: http://nexus/repository/maven-group/org/codehaus/plexus/plexus-utils/3.0.22/plexus-utils-3.0.22.pom (3.8 kB at 58 kB/s)&#xD;&#xA;[INFO] Downloading from nexus: http://nexus/repository/maven-group/org/codehaus/plexus/plexus/3.3.1/plexus-3.3.1.pom&#xD;&#xA;[INFO] Downloaded from nexus: http://nexus/repository/maven-group/org/codehaus/plexus/plexus/3.3.1/plexus-3.3.1.pom (20 kB at 310 kB/s)&#xD;&#xA;[INFO] Downloading from nexus: http://nexus/repository/maven-group/org/apache/maven/doxia/doxia-core/1.7/doxia-core-1.7.pom&#xD;&#xA;[INFO] Downloaded from nexus: http://nexus/repository/maven-group/org/apache/maven/doxia/doxia-core/1.7/doxia-core-1.7.pom (4.1 kB at 66 kB/s)&#xD;&#xA;[INFO] Downloading from nexus: http://nexus/repository/maven-group/commons-lang/commons-lang/2.4/commons-lang-2.4.pom&#xD;&#xA;[INFO] Downloaded from nexus: http://nexus/repository/maven-group/commons-lang/commons-lang/2.4/commons-lang-2.4.pom (14 kB at 168 kB/s)&#xD;&#xA;[INFO] Downloading from nexus: http://nexus/repository/maven-group/org/apache/commons/commons-parent/9/commons-parent-9.pom&#xD;&#xA;[INFO] Downloaded from nexus: http://nexus/repository/maven-group/org/apache/commons/commons-parent/9/commons-parent-9.pom (22 kB at 156 kB/s)&#xD;&#xA;[INFO] Downloading from nexus: http://nexus/repository/maven-group/org/apache/httpcomponents/httpclient/4.0.2/httpclient-4.0.2.pom&#xD;&#xA;[INFO] Downloaded from nexus: http://nexus/repository/maven-group/org/apache/httpcomponents/httpclient/4.0.2/httpclient-4.0.2.pom (7.5 kB at 26 kB/s)&#xD;&#xA;[INFO] Downloading from nexus: http://nexus/repository/maven-group/org/apache/httpcompon
[...]
INFO] Downloaded from nexus: http://nexus/repository/maven-group/org/apache/maven/maven-artifact-manager/2.0.8/maven-artifact-manager-2.0.8.jar (57 kB at 55 kB/s)&#xD;&#xA;[INFO] Downloading from nexus: http://nexus/repository/maven-group/org/apache/maven/plugins/maven-shade-plugin/2.2/maven-shade-plugin-2.2.jar&#xD;&#xA;[INFO] Downloaded from nexus: http://nexus/repository/maven-group/org/apache/maven/maven-plugin-registry/2.0.8/maven-plugin-registry-2.0.8.jar (29 kB at 27 kB/s)&#xD;&#xA;[INFO] Downloading from nexus: http://nexus/repository/maven-group/asm/asm/3.3.1/asm-3.3.1.jar&#xD;&#xA;[INFO] Downloaded from nexus: http://nexus/repository/maven-group/org/apache/maven/maven-project/2.0.8/maven-project-2.0.8.jar (117 kB at 104 kB/s)&#xD;&#xA;[INFO] Downloading from nexus: http://nexus/repository/maven-group/asm/asm-commons/3.3.1/asm-commons-3.3.1.jar&#xD;&#xA;[INFO] Downloaded from nexus: http://nexus/repository/maven-group/org/codehaus/plexus/plexus-io/2.3.2/plexus-io-2.3.2.jar (74 kB at 64 kB/s)&#xD;&#xA;[INFO] Downloading from nexus: http://nexus/repository/maven-group/asm/asm-tree/3.3.1/asm-tree-3.3.1.jar&#xD;&#xA;[INFO] Downloaded from nexus: http://nexus/repository/maven-group/org/codehaus/plexus/plexus-archiver/2.8.1/plexus-archiver-2.8.1.jar (143 kB at 122 kB/s)&#xD;&#xA;[INFO] Downloading from nexus: http://nexus/repository/maven-group/org/jdom/jdom/1.1/jdom-1.1.jar&#xD;&#xA;[INFO] Downloaded from nexus: http://nexus/repository/maven-group/asm/asm-commons/3.3.1/asm-commons-3.3.1.jar (38 kB at 29 kB/s)&#xD;&#xA;[INFO] Downloading from nexus: http://nexus/repository/maven-group/org/apache/maven/shared/maven-dependency-tree/2.1/maven-dependency-tree-2.1.jar&#xD;&#xA;[INFO] Downloaded from nexus: http://nexus/repository/maven-group/org/apache/maven/plugins/maven-shade-plugin/2.2/maven-shade-plugin-2.2.jar (100 kB at 76 kB/s)&#xD;&#xA;[INFO] Downloading from nexus: http://nexus/repository/maven-group/org/vafer/jdependency/0.7/jdependency-0.7.jar&#xD;&#xA;[INFO] Downloaded from nexus: http://nexus/repository/maven-group/asm/asm-tree/3.3.1/asm-tree-3.3.1.jar (22 kB at 16 kB/s)&#xD;&#xA;[INFO] Downloading from nexus: http://nexus/repository/maven-group/commons-io/commons-io/1.3.2/commons-io-1.3.2.jar&#xD;&#xA;[INFO] Downloaded from nexus: http://nexus/repository/maven-group/asm/asm/3.3.1/asm-3.3.1.jar (44 kB at 32 kB/s)&#xD;&#xA;[INFO] Downloading from nexus: http://nexus/repository/maven-group/asm/asm-analysis/3.2/asm-analysis-3.2.jar&#xD;&#xA;[INFO] Downloaded from nexus: http://nexus/repository/maven-group/org/jdom/jdom/1.1/jdom-1.1.jar (153 kB at 106 kB/s)&#xD;&#xA;[INFO] Downloading from nexus: http://nexus/repository/maven-group/asm/asm-util/3.2/asm-util-3.2.jar&#xD;&#xA;[INFO] Downloaded from nexus: http://nexus/repository/maven-group/asm/asm-analysis/3.2/asm-analysis-3.2.jar (18 kB at 12 kB/s)&#xD;&#xA;[INFO] Downloading from nexus: http://nexus/repository/maven-group/com/google/guava/guava/11.0.2/guava-11.0.2.jar&#xD;&#xA;[INFO] Downloaded from nexus: http://nexus/repository/maven-group/org/vafer/jdependency/0.7/jdependency-0.7.jar (12 kB at 7.7 kB/s)&#xD;&#xA;[INFO] Downloaded from nexus: http://nexus/repository/maven-group/commons-io/commons-io/1.3.2/commons-io-1.3.2.jar (88 kB at 57 kB/s)&#xD;&#xA;[INFO] Downloaded from nexus: http://nexus/repository/maven-group/org/apache/maven/shared/maven-dependency-tree/2.1/maven-dependency-tree-2.1.jar (60 kB at 38 kB/s)&#xD;&#xA;[INFO] Downloaded from nexus: http://nexus/repository/maven-group/asm/asm-util/3.2/asm-util-3.2.jar (37 kB at 23 kB/s)&#xD;&#xA;[INFO] Downloaded from nexus: http://nexus/repository/maven-group/com/google/guava/guava/11.0.2/guava-11.0.2.jar (1.6 MB at 955 kB/s)&#xD;&#xA;[INFO] &#xD;&#xA;[INFO] --- maven-install-plugin:2.5.2:install (default-install) @ bdd-import-1547468057 ---&#xD;&#xA;[INFO] Downloading from nexus: http://nexus/repository/maven-group/junit/junit/3.8.1/junit-3.8.1.pom&#xD;&#xA;[INFO] Downloaded from nexus: http://nexus/repository/maven-group/junit/junit/3.8.1/junit-3.8.1.pom (998 B at 100 kB/s)&#xD;&#xA;[INFO] Downloading from nexus: http://nexus/repository/maven-group/commons-codec/commons-codec/1.6/commons-codec-1.6.pom&#xD;&#xA;[INFO] Downloaded from nexus: http://nexus/repository/maven-group/commons-codec/commons-codec/1.6/commons-codec-1.6.pom (11 kB at 215 kB/s)&#xD;&#xA;[INFO] Downloading from nexus: http://nexus/repository/maven-group/org/apache/commons/commons-parent/22/commons-parent-22.pom&#xD;&#xA;[INFO] Downloaded from nexus: http://nexus/repository/maven-group/org/apache/commons/commons-parent/22/commons-parent-22.pom (42 kB at 4.7 MB/s)&#xD;&#xA;[INFO] Downloading from nexus: http://nexus/repository/maven-group/org/apache/maven/shared/maven-shared-utils/0.4/maven-shared-utils-0.4.pom&#xD;&#xA;[INFO] Downloaded from nexus: http://nexus/repository/maven-group/org/apache/maven/shared/maven-shared-utils/0.4/maven-shared-utils-0.4.pom (4.0 kB at 450 kB/s)&#xD;&#xA;[INFO] Downloading from nexus: http://nexus/repository/maven-group/org/codehaus/plexus/plexus-container-default/1.0-alpha-9-stable-1/plexus-container-default-1.0-alpha-9-stable-1.jar&#xD;&#xA;[INFO] Downloading from nexus: http://nexus/repository/maven-group/classworlds/classworlds/1.1-alpha-2/classworlds-1.1-alpha-2.jar&#xD;&#xA;[INFO] Downloading from nexus: http://nexus/repository/maven-group/commons-codec/commons-codec/1.6/commons-codec-1.6.jar&#xD;&#xA;[INFO] Downloading from nexus: http://nexus/repository/maven-group/junit/junit/3.8.1/junit-3.8.1.jar&#xD;&#xA;[INFO] Downloaded from nexus: http://nexus/repository/maven-group/org/codehaus/plexus/plexus-container-default/1.0-alpha-9-stable-1/plexus-container-default-1.0-alpha-9-stable-1.jar (194 kB at 3.5 MB/s)&#xD;&#xA;[INFO] Downloaded from nexus: http://nexus/repository/maven-group/junit/junit/3.8.1/junit-3.8.1.jar (121 kB at 2.1 MB/s)&#xD;&#xA;[INFO] Downloaded from nexus: http://nexus/repository/maven-group/classworlds/classworlds/1.1-alpha-2/classworlds-1.1-alpha-2.jar (38 kB at 658 kB/s)&#xD;&#xA;[INFO] Downloading from nexus: http://nexus/repository/maven-group/org/codehaus/plexus/plexus-utils/3.0.15/plexus-utils-3.0.15.jar&#xD;&#xA;[INFO] Downloading from nexus: http://nexus/repository/maven-group/org/apache/maven/shared/maven-shared-utils/0.4/maven-shared-utils-0.4.jar&#xD;&#xA;[INFO] Downloaded from nexus: http://nexus/repository/maven-group/commons-codec/commons-codec/1.6/commons-codec-1.6.jar (233 kB at 3.3 MB/s)&#xD;&#xA;[INFO] Downloaded from nexus: http://nexus/repository/maven-group/org/codehaus/plexus/plexus-utils/3.0.15/plexus-utils-3.0.15.jar (239 kB at 3.0 MB/s)&#xD;&#xA;[INFO] Downloaded from nexus: http://nexus/repository/maven-group/org/apache/maven/shared/maven-shared-utils/0.4/maven-shared-utils-0.4.jar (155 kB at 1.9 MB/s)&#xD;&#xA;[INFO] Installing /home/jenkins/workspace/sts_bdd-import-1547468057_master/target/bdd-import-1547468057-1.0.0.war to /root/.mvnrepository/com/example/bdd-import-1547468057/1.0.0/bdd-import-1547468057-1.0.0.war&#xD;&#xA;[INFO] Installing /home/jenkins/workspace/sts_bdd-import-1547468057_master/pom.xml to /root/.mvnrepository/com/example/bdd-import-1547468057/1.0.0/bdd-import-1547468057-1.0.0.pom&#xD;&#xA;[INFO] &#xD;&#xA;[INFO] --- maven-deploy-plugin:2.8.2:deploy (default-deploy) @ bdd-import-1547468057 ---&#xD;&#xA;[INFO] Using alternate deployment repository local-nexus::default::http://nexus/repository/maven-releases/&#xD;&#xA;[INFO] Uploading to local-nexus: http://nexus/repository/maven-releases/com/example/bdd-import-1547468057/1.0.0/bdd-import-1547468057-1.0.0.war&#xD;&#xA;[INFO] Uploaded to local-nexus: http://nexus/repository/maven-releases/com/example/bdd-import-1547468057/1.0.0/bdd-import-1547468057-1.0.0.war (35 MB at 27 MB/s)&#xD;&#xA;[INFO] Uploading to local-nexus: http://nexus/repository/maven-releases/com/example/bdd-import-1547468057/1.0.0/bdd-import-1547468057-1.0.0.pom&#xD;&#xA;[INFO] Uploaded to local-nexus: http://nexus/repository/maven-releases/com/example/bdd-import-1547468057/1.0.0/bdd-import-1547468057-1.0.0.pom (2.5 kB at 76 kB/s)&#xD;&#xA;[INFO] Downloading from local-nexus: http://nexus/repository/maven-releases/com/example/bdd-import-1547468057/maven-metadata.xml&#xD;&#xA;[INFO] Uploading to local-nexus: http://nexus/repository/maven-releases/com/example/bdd-import-1547468057/maven-metadata.xml&#xD;&#xA;[INFO] Uploaded to local-nexus: http://nexus/repository/maven-releases/com/example/bdd-import-1547468057/maven-metadata.xml (312 B at 5.9 kB/s)&#xD;&#xA;[INFO] ------------------------------------------------------------------------&#xD;&#xA;[INFO] BUILD SUCCESS&#xD;&#xA;[INFO] ------------------------------------------------------------------------&#xD;&#xA;[INFO] Total time: 35.938 s&#xD;&#xA;[INFO] Finished at: 2019-01-14T12:42:59Z&#xD;&#xA;[INFO] ------------------------------------------------------------------------&#xD;&#xA;[Pipeline] sh&#xD;&#xA;++ cat VERSION&#xD;&#xA;+ export VERSION=1.0.0&#xD;&#xA;+ VERSION=1.0.0&#xD;&#xA;+ skaffold build -f skaffold.yaml&#xD;&#xA;time=&#34;2019-01-14T12:43:04Z&#34; level=warning msg=&#34;config version (skaffold/v1alpha2) out of date: upgrading to latest (skaffold/v1beta2)&#34;&#xD;&#xA;Starting build...&#xD;&#xA;Building [changeme]...&#xD;&#xA;Sending build context to Docker daemon  525.8kB&#xD;Sending build context to Docker daemon  15.57MB&#xD;Sending build context to Docker daemon  32.28MB&#xD;Sending build context to Docker daemon  34.88MB&#xD;&#xD;&#xA;Step 1/6 : FROM openjdk:8-jdk-alpine&#xD;&#xA;8-jdk-alpine: Pulling from library/openjdk&#xD;&#xA;cd784148e348: Already exists&#xD;&#xA;35920a071f91: Already exists&#xD;&#xA;88b05767cad1: Already exists&#xD;&#xA;Digest: sha256:4745e7b0cc551f68592f75a524f4479e878cb726ffc851dfad3e2c9280828b01&#xD;&#xA;Status: Downloaded newer image for openjdk:8-jdk-alpine&#xD;&#xA; ---&gt; 2cfb1dc1f0c8&#xD;&#xA;Step 2/6 : ENV PORT 8080&#xD;&#xA; ---&gt; Running in 38a9ff37e44f&#xD;&#xA; ---&gt; 49b283469700&#xD;&#xA;Step 3/6 : EXPOSE 8080&#xD;&#xA; ---&gt; Running in 91a5cc248fe3&#xD;&#xA; ---&gt; c0f2da389a9b&#xD;&#xA;Step 4/6 : COPY target/*.war /opt/app.war&#xD;&#xA; ---&gt; 905fff79fd88&#xD;&#xA;Step 5/6 : WORKDIR /opt&#xD;&#xA; ---&gt; b8bc634eb91a&#xD;&#xA;Step 6/6 : CMD java -jar app.war&#xD;&#xA; ---&gt; Running in 980c5bbff5bb&#xD;&#xA; ---&gt; ff9433522c00&#xD;&#xA;Successfully built ff9433522c00&#xD;&#xA;The push refers to a repository [10.39.253.134:5000/jenkins-x-tests/bdd-import-1547468057]&#xD;&#xA;ceebb60ab989: Preparing&#xD;&#xA;b845f393fc2b: Preparing&#xD;&#xA;dbc783c89851: Preparing&#xD;&#xA;7bff100f35cb: Preparing&#xD;&#xA;dbc783c89851: Pushed&#xD;&#xA;7bff100f35cb: Pushed&#xD;&#xA;ceebb60ab989: Pushed&#xD;&#xA;b845f393fc2b: Pushed&#xD;&#xA;1.0.0: digest: sha256:266c493d3a16a0c111de5e5f24a0a35450ec4552ff9132ea663d3b67e6e63a18 size: 1159&#xD;&#xA;Build complete in 12.597483702s&#xD;&#xA;Starting test...&#xD;&#xA;Test complete in 4.648µs&#xD;&#xA;changeme -&gt; 10.39.253.134:5000/jenkins-x-tests/bdd-import-1547468057:1.0.0&#xD;&#xA;[Pipeline] sh&#xD;&#xA;++ cat VERSION&#xD;&#xA;+ jx step post build --image 10.39.253.134:5000/jenkins-x-tests/bdd-import-1547468057:1.0.0&#xD;&#xA;[Pipeline] }&#xD;&#xA;[Pipeline] // container&#xD;&#xA;[Pipeline] }&#xD;&#xA;[Pipeline] // stage&#xD;&#xA;[Pipeline] stage&#xD;&#xA;[Pipeline] { (Promote to Environments)&#xD;&#xA;[Pipeline] container&#xD;&#xA;[Pipeline] {&#xD;&#xA;[Pipeline] dir&#xD;&#xA;Running in /home/jenkins/workspace/sts_bdd-import-1547468057_master/charts/bdd-import-1547468057&#xD;&#xA;[Pipeline] {&#xD;&#xA;[Pipeline] sh&#xD;&#xA;++ cat ../../VERSION&#xD;&#xA;+ jx step changelog --version v1.0.0&#xD;&#xA;Using batch mode as inside a pipeline&#xD;&#xA;Generating change log from git ref 2ba2812f03134543d28e869c14349bc7a61e857b =&gt; cce1203f989c503d252b4e32093ba7f7ef9047b9&#xD;&#xA;Unable to find user: jenkins-x.googlegroups.com -- users.jenkins.io &#34;jenkins-x.googlegroups.com&#34; not found&#xD;&#xA;Unable to find user: jenkins-x.googlegroups.com -- users.jenkins.io &#34;jenkins-x.googlegroups.com&#34; not found&#xD;&#xA;Finding issues in commit messages using git format&#xD;&#xA;No release found for jenkins-x-tests/bdd-import-1547468057 and tag v1.0.0 so creating a new release&#xD;&#xA;Updated the release information at https://github.beescloud.com/jenkins-x-tests/bdd-import-1547468057/releases/tag/v1.0.0&#xD;&#xA;generated: /home/jenkins/workspace/sts_bdd-import-1547468057_master/charts/bdd-import-1547468057/templates/release.yaml&#xD;&#xA;Created Release bdd-import-1547468057-1-0-0 resource in namespace bdd-ghe-base-qs-22&#xD;&#xA;Updating PipelineActivity jenkins-x-tests-bdd-import-1547468057-master-1 with version 1.0.0&#xD;&#xA;Updated PipelineActivities jenkins-x-tests-bdd-import-1547468057-master-1 with release notes URL: https://github.beescloud.com/jenkins-x-tests/bdd-import-1547468057/releases/tag/v1.0.0&#xD;&#xA;[Pipeline] sh&#xD;&#xA;+ jx step helm release&#xD;&#xA;No $CHART_REPOSITORY defined so using the default value of: http://jenkins-x-chartmuseum:8080&#xD;&#xA;Adding missing Helm repo: jenkins-x http://chartmuseum.jenkins-x.io&#xD;&#xA;Successfully added Helm repository jenkins-x.&#xD;&#xA;Adding missing Helm repo: releases http://jenkins-x-chartmuseum:8080&#xD;&#xA;Successfully added Helm repository releases.&#xD;&#xA;No $CHART_REPOSITORY defined so using the default value of: http://jenkins-x-chartmuseum:8080&#xD;&#xA;Uploading chart file bdd-import-1547468057-1.0.0.tgz to http://jenkins-x-chartmuseum:8080/api/charts&#xD;&#xA;Received 201 response: {&#34;saved&#34;:true}&#xD;&#xA;[Pipeline] sh&#xD;&#xA;++ cat ../../VERSION&#xD;&#xA;+ jx promote -b --all-auto --timeout 1h --version 1.0.0&#xD;&#xA;Promoting app bdd-import-1547468057 version 1.0.0 to namespace bdd-ghe-base-qs-22-staging&#xD;&#xA;Created Pull Request: https://github.beescloud.com/dev1/environment-bdd-ghe-base-qs-22-staging/pull/2&#xD;&#xA;&#xD;&#xA;Failed to query the Pull Request last commit status for https://github.beescloud.com/dev1/environment-bdd-ghe-base-qs-22-staging/pull/2 ref e7d45205371df517aafb0da1e6e88a3afe4a9b5a Could not find a status for repository dev1/environment-bdd-ghe-base-qs-22-staging with ref e7d45205371df517aafb0da1e6e88a3afe4a9b5a&#xD;&#xA;Failed to query the Pull Request last commit status for https://github.beescloud.com/dev1/environment-bdd-ghe-base-qs-22-staging/pull/2 ref e7d45205371df517aafb0da1e6e88a3afe4a9b5a Could not find a status for repository dev1/environment-bdd-ghe-base-qs-22-staging with ref e7d45205371df517aafb0da1e6e88a3afe4a9b5a&#xD;&#xA;Failed to query the Pull Request last commit status for https://github.beescloud.com/dev1/environment-bdd-ghe-base-qs-22-staging/pull/2 ref e7d45205371df517aafb0da1e6e88a3afe4a9b5a Could not find a status for repository dev1/environment-bdd-ghe-base-qs-22-staging with ref e7d45205371df517aafb0da1e6e88a3afe4a9b5a&#xD;&#xA;Failed to query the Pull Request last commit status for https://github.beescloud.com/dev1/environment-bdd-ghe-base-qs-22-staging/pull/2 ref e7d45205371df517aafb0da1e6e88a3afe4a9b5a Could not find a status for repository dev1/environment-bdd-ghe-base-qs-22-staging with ref e7d45205371df517aafb0da1e6e88a3afe4a9b5a&#xD;&#xA;Failed to query the Pull Request last commit status for https://github.beescloud.com/dev1/environment-bdd-ghe-base-qs-22-staging/pull/2 ref e7d45205371df517aafb0da1e6e88a3afe4a9b5a Could not find a status for repository dev1/environment-bdd-ghe-base-qs-22-staging with ref e7d45205371df517aafb0da1e6e88a3afe4a9b5a&#xD;&#xA;Failed to query the Pull Request last commit status for https://github.beescloud.com/dev1/environment-bdd-ghe-base-qs-22-staging/pull/2 ref e7d45205371df517aafb0da1e6e88a3afe4a9b5a Could not find a status for repository dev1/environment-bdd-ghe-base-qs-22-staging with ref e7d45205371df517aafb0da1e6e88a3afe4a9b5a&#xD;&#xA;Failed to query the Pull Request last commit status for https://github.beescloud.com/dev1/environment-bdd-ghe-base-qs-22-staging/pull/2 ref e7d45205371df517aafb0da1e6e88a3afe4a9b5a Could not find a status for repository dev1/environment-bdd-ghe-base-qs-22-staging with ref e7d45205371df517aafb0da1e6e88a3afe4a9b5a&#xD;&#xA;Failed to query the Pull Request last commit status for https://github.beescloud.com/dev1/environment-bdd-ghe-base-qs-22-staging/pull/2 ref e7d45205371df517aafb0da1e6e88a3afe4a9b5a Could not find a status for repository dev1/environment-bdd-ghe-base-qs-22-staging with ref e7d45205371df517aafb0da1e6e88a3afe4a9b5a&#xD;&#xA;Pull Request https://github.beescloud.com/dev1/environment-bdd-ghe-base-qs-22-staging/pull/2 is merged at sha e1f62ade93b80b1dee908e5078b0d398d23d19ae&#xD;&#xA;Merge commit has not yet any statuses on repo dev1/environment-bdd-ghe-base-qs-22-staging merge sha e1f62ade93b80b1dee908e5078b0d398d23d19ae&#xD;&#xA;merge status: pending for URL https://github.beescloud.com/api/v3/repos/dev1/environment-bdd-ghe-base-qs-22-staging/statuses/e1f62ade93b80b1dee908e5078b0d398d23d19ae with target: http://jenkins.bdd-ghe-base-qs-22.104.155.31.11.nip.io/job/dev1/job/environment-bdd-ghe-base-qs-22-staging/job/master/3/display/redirect description: This commit is being built&#xD;&#xA;</system-out>
      </testcase>
      <testcase name="quickstart spring-boot-http-gradle Creates an app" classname="BddJx Suite" time="0">
          <skipped></skipped>
      </testcase>
      <testcase name="quickstart spring-boot-web&#xA; Given valid parameters when operating on the quickstart creates a spring-boot-web quickstart and promotes it to staging&#xA;" classname="BddJx Suite" time="0.256287964">
          <failure type="Failure">/home/jenkins/go/jenkins-x/bdd-jx/main.go:325&#xA;No future change is possible.  Bailing out early after 0.000s.&#xA;Expected&#xA;    &lt;int&gt;: 1&#xA;to match exit code:&#xA;    &lt;int&gt;: 0&#xA;/home/jenkins/go/jenkins-x/bdd-jx/main.go:340</failure>
          <system-out>      Creating app bdd-spring-boot-web-1547468057 in dir /tmp/bdd-205797989&#xA;      Using Git provider URL https://github.beescloud.com&#xA;error: failed to load quickstarts: Running in batch mode and no default API token found&#xA;</system-out>
      </testcase>
      <testcase name="quickstart spring-boot-web&#xA; Given invalid parameters when -p param (project name) is missing exits with signal 1&#xA;" classname="BddJx Suite" time="0.194551007"></testcase>
      <testcase name="quickstart spring-boot-web&#xA; Given invalid parameters when -f param (filter) does not match any quickstart exits with signal 1&#xA;" classname="BddJx Suite" time="0.196745323"></testcase>
      <testcase name="quickstart rails-shopping-cart&#xA; Given valid parameters when operating on the quickstart creates a rails-shopping-cart quickstart and promotes it to staging&#xA;" classname="BddJx Suite" time="0.208938499">
          <failure type="Failure">/home/jenkins/go/jenkins-x/bdd-jx/main.go:325&#xA;No future change is possible.  Bailing out early after 0.000s.&#xA;Expected&#xA;    &lt;int&gt;: 1&#xA;to match exit code:&#xA;    &lt;int&gt;: 0&#xA;/home/jenkins/go/jenkins-x/bdd-jx/main.go:340</failure>
          <system-out>      Creating app bdd-rails-shopping-cart-1547468057 in dir /tmp/bdd-205797989&#xA;      Using Git provider URL https://github.beescloud.com&#xA;error: failed to load quickstarts: Running in batch mode and no default API token found&#xA;</system-out>
      </testcase>
      <testcase name="quickstart rails-shopping-cart&#xA; Given invalid parameters when -p param (project name) is missing exits with signal 1&#xA;" classname="BddJx Suite" time="0.184180759"></testcase>
      <testcase name="quickstart rails-shopping-cart&#xA; Given invalid parameters when -f param (filter) does not match any quickstart exits with signal 1&#xA;" classname="BddJx Suite" time="0.194379751"></testcase>
      <testcase name="quickstart aspnet-app Creates an app" classname="BddJx Suite" time="0">
          <skipped></skipped>
      </testcase>
  </testsuite>